[PASS 01] (   0.0s) constants recomputed: Y0=2131, C_A~94.522349, C_B~94.496259, C15=1729/1000, family constant CW=9/5
[PASS 02] (   0.0s) cf(4^(1/15)): first 336 terms verified EXACTLY (alternating sign of p^15 - 4q^15 + determinant identity); sandwich precision 10^-480
[PASS 03] (   0.0s) straddle certificates: all 335 partial quotients a_1..a_335 pinned by 670 integer sign checks (semiconvergent straddles; no floating point)
        terms[:40] = [1, 10, 3, 20, 5, 1, 109, 4, 7, 2, 2, 1, 6, 21, 9, 1, 5, 1, 6, 2, 1, 1, 1, 9, 2, 2, 21, 3, 2, 1, 1, 18, 1, 3, 1, 1, 1, 6, 3, 1]
        q_m > 10^100 first at m = 207  (q_207 ~ 4.912e+100)
        max partial quotient a_m, m <= 335: 506 (at m = 311);  max a_m, m <= 208: 109
[PASS 04] (   0.1s) brute scan Y in [9, 10^6]: 42 pairs with |alpha*Y - X| < 1.8/Y (exact window test); every reduced denominator in the Worley family; g>=2 cases all pure convergents; equation hits: none
[PASS 05] (   0.2s) banked-region catalog d in [1,220] (50489 exact window checks): the ONLY solution of P(X)=4P(Y) is (Y,X)=(12,13), i.e. (n,d)=(4,1) -- the telescoping identity 6*7*...*20 = 4*(5*6*...*19) (overlapping blocks, ratio collapses to (n+16)/(n+1)=4); NO solution with d in [2,220]
[PASS 06] (   1.9s) unconditional sweep Y in [8, 10^6] (1.7s of exact monotone bisection): the ONLY (Y, X) with P(X) = 4 P(Y) is the d=1 telescope (12, 13); NO disjoint-block (d >= 15) solution
[PASS 07] (   1.9s) candidate family built: 21001 Y-values (indices m <= 207, multiples to per-index Legendre bound max(60, g_m), quasi-convergents r*s <= 3 with margin g <= 8); covers all 42 brute candidates
[PASS 08] (   6.3s) exact equation checked on all 125970 candidate pairs (21001 Y-values <= 10^100): ZERO solutions with d >= 221 (only hit: the banked d=1 telescope [(12, 13)])
        filter T1 (|X^15-4Y^15| <= C_A Y^13):        775 pairs pass
        filter T2 (band [-C_A,-C_B]*Y^13):            1 pairs pass
          band survivor: Y ~ 10^12 (1*(2q_17+1q_16)), (X^15-4Y^15)/Y^13 = -94.5210, |P(X)-4P(Y)|/Y^13 = 0.0143  -> equation FAILS
        closest equation approach among T1 survivors: |P(X)-4P(Y)|/Y^13 = 0.0143 at Y ~ 10^12  (a solution needs 0; generic scale ~94.5)
[PASS 09] (   6.4s) SELF-CONTAINED family (C = 9/5): 1012 Y-values <= 10^100 (5 not already in the Worley-superset family), 6032 exact equation checks: only hit is the d=1 telescope [(12, 13)]; all 42 brute survivors covered (0.1s) -- the Y <= 10^100 exclusion needs NO classical Worley/Fatou input
[PASS 10] (   6.4s) conclusion (conditional only on the derivation.py inequalities + the elementary self-contained confinement of (3b); the classical Legendre/Worley route of (3) independently gives the same):
        NO k=15, N=4 solution with Y = n+8 <= 10^100;  combined with
        the banked d <= 220 branch this verifies NO solution with
        d <= 968239699999999999999999999999999999999999999999999999999999999999999999999999999999999999999999992
           ~ 9.6824 * 10^98

ALL 10 CHECKS PASSED -- cf_scan.py (6.4s total)
