[E1] k=5: c ~= 3.129812960127 (deg over Q = 5)
[E1] k=7: c ~= 4.565925369504 (deg over Q = 7)
[E1] k=9: c ~= 6.004958669944 (deg over Q = 9)
[E1] k=11: c ~= 7.445322175878 (deg over Q = 11)
[E1] k=13: c ~= 8.886402584310 (deg over Q = 13)
[E1] k=15: c ~= 10.327913345852 (deg over Q = 15)
[E2] k=5 dmax=200000: R0 hits=958, R0&R1 survivors=12 (max d=117), R0&R1&R2 survivors=2 (max d=18)
      survivor k=5 d=9 A=26
      survivor k=5 d=18 A=55
[E2] k=7 dmax=100000: R0 hits=4144, R0&R1 survivors=58 (max d=66327), R0&R1&R2 survivors=8 (max d=220)
      survivor k=7 d=12 A=54
      survivor k=7 d=14 A=63
      survivor k=7 d=15 A=63
      survivor k=7 d=21 A=90
      survivor k=7 d=34 A=152
      survivor k=7 d=140 A=638
      survivor k=7 d=141 A=638
      survivor k=7 d=220 A=999
[E2] k=9 dmax=60000: R0 hits=16810, R0&R1 survivors=180 (max d=34656), R0&R1&R2 survivors=12 (max d=198)
      survivor k=9 d=13 A=75
      survivor k=9 d=25 A=143
      survivor k=9 d=26 A=154
      survivor k=9 d=26 A=153
      survivor k=9 d=29 A=174
      survivor k=9 d=31 A=185
      survivor k=9 d=32 A=185
      survivor k=9 d=53 A=318
      survivor k=9 d=65 A=390
      survivor k=9 d=111 A=665
      survivor k=9 d=112 A=665
      survivor k=9 d=198 A=1188
[E2] k=11 dmax=60000: R0 hits=10406, R0&R1 survivors=300 (max d=58557), R0&R1&R2 survivors=21 (max d=7029)
      survivor k=11 d=14 A=98
      survivor k=11 d=22 A=160
      survivor k=11 d=22 A=154
      survivor k=11 d=24 A=174
      survivor k=11 d=29 A=208
      survivor k=11 d=30 A=220
      survivor k=11 d=33 A=245
      survivor k=11 d=34 A=245
      survivor k=11 d=35 A=258
      survivor k=11 d=39 A=286
      survivor k=11 d=48 A=350
      survivor k=11 d=69 A=511
      survivor k=11 d=87 A=644
      survivor k=11 d=101 A=748
      survivor k=11 d=168 A=1246
      survivor k=11 d=371 A=2754
      survivor k=11 d=512 A=3806
      survivor k=11 d=1329 A=9888
      survivor k=11 d=1482 A=11024
      survivor k=11 d=1516 A=11284
      survivor k=11 d=7029 A=52325
[E2] k=13 dmax=60000: R0 hits=15917, R0&R1 survivors=380 (max d=58869), R0&R1&R2 survivors=36 (max d=4467)
      survivor k=13 d=18 A=152
      survivor k=13 d=19 A=160
      survivor k=13 d=20 A=174
      survivor k=13 d=29 A=246
      survivor k=13 d=30 A=259
      survivor k=13 d=33 A=286
      survivor k=13 d=33 A=285
      survivor k=13 d=34 A=299
      survivor k=13 d=37 A=328
      survivor k=13 d=38 A=328
      survivor k=13 d=39 A=343
      survivor k=13 d=40 A=350
      survivor k=13 d=43 A=374
      survivor k=13 d=44 A=390
      survivor k=13 d=45 A=390
      survivor k=13 d=50 A=440
      survivor k=13 d=56 A=494
      survivor k=13 d=56 A=493
      survivor k=13 d=75 A=664
      survivor k=13 d=75 A=663
      survivor k=13 d=76 A=664
      survivor k=13 d=81 A=713
      survivor k=13 d=90 A=799
      survivor k=13 d=91 A=799
      survivor k=13 d=91 A=798
      survivor k=13 d=116 A=1024
      survivor k=13 d=116 A=1023
      survivor k=13 d=144 A=1274
      survivor k=13 d=194 A=1715
      survivor k=13 d=244 A=2158
      survivor k=13 d=398 A=3534
      survivor k=13 d=399 A=3534
      survivor k=13 d=711 A=6318
      survivor k=13 d=1468 A=13039
      survivor k=13 d=2201 A=19550
      survivor k=13 d=4467 A=39688
[E2] k=15 dmax=60000: R0 hits=21935, R0&R1 survivors=568 (max d=51678), R0&R1&R2 survivors=59 (max d=2915)
      survivor k=15 d=18 A=174
      survivor k=15 d=21 A=207
      survivor k=15 d=23 A=230
      survivor k=15 d=26 A=259
      survivor k=15 d=28 A=286
      survivor k=15 d=29 A=286
      survivor k=15 d=32 A=323
      survivor k=15 d=32 A=322
      survivor k=15 d=34 A=350
      survivor k=15 d=35 A=350
      survivor k=15 d=36 A=368
      survivor k=15 d=37 A=374
      survivor k=15 d=38 A=390
      survivor k=15 d=39 A=390
      survivor k=15 d=41 A=423
      survivor k=15 d=42 A=423
      survivor k=15 d=43 A=440
      survivor k=15 d=46 A=475
      survivor k=15 d=47 A=475
      survivor k=15 d=48 A=493
      survivor k=15 d=49 A=493
      survivor k=15 d=52 A=530
      survivor k=15 d=54 A=549
      survivor k=15 d=57 A=588
      survivor k=15 d=58 A=588
      survivor k=15 d=68 A=702
      survivor k=15 d=69 A=702
      survivor k=15 d=71 A=728
      survivor k=15 d=85 A=873
      survivor k=15 d=97 A=999
      survivor k=15 d=98 A=999
      survivor k=15 d=109 A=1120
      survivor k=15 d=116 A=1188
      survivor k=15 d=124 A=1273
      survivor k=15 d=127 A=1309
      survivor k=15 d=128 A=1309
      survivor k=15 d=142 A=1456
      survivor k=15 d=147 A=1518
      survivor k=15 d=148 A=1518
      survivor k=15 d=168 A=1728
      survivor k=15 d=172 A=1769
      survivor k=15 d=194 A=2000
      survivor k=15 d=195 A=2000
      survivor k=15 d=205 A=2106
      survivor k=15 d=219 A=2261
      survivor k=15 d=220 A=2260
      survivor k=15 d=235 A=2418
      survivor k=15 d=236 A=2430
      survivor k=15 d=238 A=2448
      survivor k=15 d=242 A=2499
      survivor k=15 d=243 A=2499
      survivor k=15 d=282 A=2910
      survivor k=15 d=283 A=2910
      survivor k=15 d=493 A=5082
      survivor k=15 d=771 A=7954
      survivor k=15 d=1108 A=11438
      survivor k=15 d=1766 A=18239
      survivor k=15 d=1767 A=18239
      survivor k=15 d=2915 A=30099

[E3] k=5 d=9 A=26 eps=2.168 supports(t=0,1,2)=[2, 2, 2]
      t=0 M=26 supp=2 elems(comb)=(1, 4) gcds=[1, 2, 1, 2, 13]
      t=1 M=27 supp=2 elems(comb)=(1, 4) gcds=[1, 9, 1, 1, 3]
      t=2 M=28 supp=2 elems(comb)=(0, 1) gcds=[7, 4, 1, 2, 1]
[E3] k=5 d=18 A=55 eps=1.337 supports(t=0,1,2)=[2, 3, 2]
      t=0 M=55 supp=2 elems(comb)=(2, 4) gcds=[1, 1, 5, 1, 11]
      t=1 M=56 supp=3 elems(comb)=(1, 3, 4) gcds=[1, 2, 1, 4, 7]
      t=2 M=57 supp=2 elems(comb)=(2, 3) gcds=[1, 1, 3, 19, 1]
[E3] k=7 d=12 A=54 eps=0.791 supports(t=0,1,2)=[2, 2, 2]
      t=0 M=54 supp=2 elems(comb)=(0, 6) gcds=[6, 1, 2, 3, 2, 1, 18]
      t=1 M=55 supp=2 elems(comb)=(0, 4) gcds=[11, 1, 1, 1, 5, 1, 1]
      t=2 M=56 supp=2 elems(comb)=(2, 4) gcds=[2, 1, 4, 1, 14, 1, 8]
[E3] k=7 d=14 A=63 eps=0.923 supports(t=0,1,2)=[2, 3, 2]
      t=0 M=63 supp=2 elems(comb)=(0, 4) gcds=[7, 3, 1, 1, 9, 1, 1]
      t=1 M=64 supp=3 elems(comb)=(1, 3, 5) gcds=[1, 2, 1, 16, 1, 2, 1]
      t=2 M=65 supp=2 elems(comb)=(1, 3) gcds=[1, 13, 1, 5, 1, 1, 1]
[E3] k=7 d=15 A=63 eps=5.489 supports(t=0,1,2)=[2, 2, 2]
      t=0 M=63 supp=2 elems(comb)=(0, 6) gcds=[3, 1, 1, 9, 1, 1, 21]
      t=1 M=64 supp=2 elems(comb)=(2, 6) gcds=[2, 1, 16, 1, 2, 1, 4]
      t=2 M=65 supp=2 elems(comb)=(0, 2) gcds=[13, 1, 5, 1, 1, 1, 1]
[E3] k=7 d=21 A=90 eps=5.884 supports(t=0,1,2)=[3, 2, 2]
      t=0 M=90 supp=3 elems(comb)=(0, 3, 4) gcds=[3, 2, 1, 6, 5, 2, 9]
      t=1 M=91 supp=2 elems(comb)=(1, 6) gcds=[1, 7, 1, 1, 1, 1, 13]
      t=2 M=92 supp=2 elems(comb)=(1, 4) gcds=[1, 4, 1, 2, 23, 4, 1]
[E3] k=7 d=34 A=152 eps=3.241 supports(t=0,1,2)=[2, 2, 3]
      t=0 M=152 supp=2 elems(comb)=(2, 4) gcds=[2, 1, 4, 1, 38, 1, 8]
      t=1 M=153 supp=2 elems(comb)=(1, 3) gcds=[3, 17, 1, 9, 1, 1, 3]
      t=2 M=154 supp=3 elems(comb)=(0, 1, 3) gcds=[2, 11, 2, 7, 2, 1, 2]
[E3] k=7 d=140 A=638 eps=1.230 supports(t=0,1,2)=[3, 2, 3]
      t=0 M=638 supp=3 elems(comb)=(0, 3, 5) gcds=[2, 1, 2, 11, 2, 29, 2]
      t=1 M=639 supp=2 elems(comb)=(3, 5) gcds=[1, 1, 3, 71, 1, 9, 1]
      t=2 M=640 supp=3 elems(comb)=(0, 2, 6) gcds=[2, 1, 20, 1, 2, 1, 16]
[E3] k=7 d=141 A=638 eps=5.795 supports(t=0,1,2)=[3, 2, 3]
      t=0 M=638 supp=3 elems(comb)=(1, 2, 4) gcds=[1, 2, 11, 2, 29, 2, 1]
      t=1 M=639 supp=2 elems(comb)=(2, 4) gcds=[1, 3, 71, 1, 9, 1, 1]
      t=2 M=640 supp=3 elems(comb)=(1, 3, 5) gcds=[1, 20, 1, 2, 1, 16, 5]
[E3] k=7 d=220 A=999 eps=5.504 supports(t=0,1,2)=[2, 3, 3]
      t=0 M=999 supp=2 elems(comb)=(2, 5) gcds=[1, 1, 111, 1, 1, 9, 1]
      t=1 M=1000 supp=3 elems(comb)=(1, 3, 6) gcds=[1, 20, 1, 2, 1, 8, 25]
      t=2 M=1001 supp=3 elems(comb)=(2, 3, 6) gcds=[1, 1, 11, 13, 1, 1, 7]
[E3] k=9 d=13 A=75 eps=3.064 supports(t=0,1,2)=[2, 2, 2]
      t=0 M=75 supp=2 elems(comb)=(2, 7) gcds=[1, 1, 15, 1, 1, 3, 1, 5, 3]
      t=1 M=76 supp=2 elems(comb)=(0, 7) gcds=[4, 1, 2, 1, 4, 1, 2, 19, 4]
      t=2 M=77 supp=2 elems(comb)=(0, 3) gcds=[11, 1, 1, 7, 1, 1, 1, 1, 1]
[E3] k=9 d=25 A=143 eps=7.124 supports(t=0,1,2)=[2, 2, 2]
      t=0 M=143 supp=2 elems(comb)=(1, 8) gcds=[1, 13, 1, 1, 1, 1, 1, 1, 11]
      t=1 M=144 supp=2 elems(comb)=(0, 6) gcds=[24, 1, 2, 9, 4, 1, 6, 1, 16]
      t=2 M=145 supp=2 elems(comb)=(2, 6) gcds=[1, 1, 5, 1, 1, 1, 29, 5, 1]
[E3] k=9 d=26 A=154 eps=2.129 supports(t=0,1,2)=[2, 2, 2]
      t=0 M=154 supp=2 elems(comb)=(2, 7) gcds=[2, 1, 14, 1, 2, 1, 2, 11, 2]
      t=1 M=155 supp=2 elems(comb)=(0, 6) gcds=[5, 1, 1, 1, 1, 5, 31, 1, 1]
      t=2 M=156 supp=2 elems(comb)=(0, 2) gcds=[12, 1, 26, 3, 4, 1, 6, 1, 4]
[E3] k=9 d=26 A=153 eps=3.129 supports(t=0,1,2)=[2, 2, 2]
      t=0 M=153 supp=2 elems(comb)=(1, 8) gcds=[1, 9, 1, 1, 3, 1, 1, 3, 17]
      t=1 M=154 supp=2 elems(comb)=(3, 8) gcds=[1, 2, 1, 14, 1, 2, 1, 2, 11]
      t=2 M=155 supp=2 elems(comb)=(1, 7) gcds=[1, 5, 1, 1, 1, 1, 5, 31, 1]
[E3] k=9 d=29 A=174 eps=0.144 supports(t=0,1,2)=[2, 2, 2]
      t=0 M=174 supp=2 elems(comb)=(0, 1) gcds=[29, 6, 1, 2, 3, 2, 1, 6, 1]
      t=1 M=175 supp=2 elems(comb)=(2, 7) gcds=[7, 1, 5, 1, 1, 1, 1, 35, 1]
      t=2 M=176 supp=2 elems(comb)=(5, 6) gcds=[1, 4, 1, 2, 1, 16, 11, 2, 1]
[E3] k=9 d=31 A=185 eps=1.154 supports(t=0,1,2)=[2, 2, 2]
      t=0 M=185 supp=2 elems(comb)=(4, 6) gcds=[1, 1, 1, 1, 5, 1, 37, 1, 1]
      t=1 M=186 supp=2 elems(comb)=(0, 1) gcds=[6, 31, 2, 3, 2, 1, 6, 1, 2]
      t=2 M=187 supp=2 elems(comb)=(4, 5) gcds=[1, 1, 1, 1, 11, 17, 1, 1, 1]
[E3] k=9 d=32 A=185 eps=7.159 supports(t=0,1,2)=[2, 2, 2]
      t=0 M=185 supp=2 elems(comb)=(3, 5) gcds=[1, 1, 1, 5, 1, 37, 1, 1, 5]
      t=1 M=186 supp=2 elems(comb)=(0, 5) gcds=[31, 2, 3, 2, 1, 6, 1, 2, 3]
      t=2 M=187 supp=2 elems(comb)=(3, 4) gcds=[1, 1, 1, 11, 17, 1, 1, 1, 1]
[E3] k=9 d=53 A=318 eps=0.263 supports(t=0,1,2)=[2, 2, 4]
      t=0 M=318 supp=2 elems(comb)=(0, 1) gcds=[53, 6, 1, 2, 3, 2, 1, 6, 1]
      t=1 M=319 supp=2 elems(comb)=(3, 6) gcds=[1, 1, 1, 11, 1, 1, 29, 1, 1]
      t=2 M=320 supp=4 elems(comb)=(1, 3, 4, 5) gcds=[1, 4, 1, 2, 5, 8, 1, 2, 1]
[E3] k=9 d=65 A=390 eps=0.322 supports(t=0,1,2)=[2, 2, 3]
      t=0 M=390 supp=2 elems(comb)=(0, 1) gcds=[65, 6, 1, 2, 3, 10, 1, 6, 1]
      t=1 M=391 supp=2 elems(comb)=(4, 5) gcds=[1, 1, 1, 1, 17, 23, 1, 1, 1]
      t=2 M=392 supp=3 elems(comb)=(0, 1, 7) gcds=[7, 8, 1, 2, 1, 4, 1, 14, 1]
[E3] k=9 d=111 A=665 eps=1.550 supports(t=0,1,2)=[3, 2, 2]
      t=0 M=665 supp=3 elems(comb)=(1, 3, 4) gcds=[1, 7, 1, 19, 5, 1, 1, 1, 7]
      t=1 M=666 supp=2 elems(comb)=(1, 4) gcds=[2, 111, 2, 1, 6, 1, 2, 9, 2]
      t=2 M=667 supp=2 elems(comb)=(6, 7) gcds=[1, 1, 1, 1, 1, 1, 23, 29, 1]
[E3] k=9 d=112 A=665 eps=7.555 supports(t=0,1,2)=[3, 2, 2]
      t=0 M=665 supp=3 elems(comb)=(0, 2, 3) gcds=[7, 1, 19, 5, 1, 1, 1, 7, 5]
      t=1 M=666 supp=2 elems(comb)=(0, 3) gcds=[111, 2, 1, 6, 1, 2, 9, 2, 1]
      t=2 M=667 supp=2 elems(comb)=(5, 6) gcds=[1, 1, 1, 1, 1, 23, 29, 1, 1]
[E3] k=9 d=198 A=1188 eps=0.982 supports(t=0,1,2)=[2, 2, 3]
      t=0 M=1188 supp=2 elems(comb)=(0, 6) gcds=[198, 1, 4, 3, 2, 1, 12, 1, 2]
      t=1 M=1189 supp=2 elems(comb)=(6, 8) gcds=[1, 1, 1, 1, 1, 1, 29, 1, 41]
      t=2 M=1190 supp=3 elems(comb)=(0, 4, 8) gcds=[14, 1, 2, 1, 10, 1, 2, 7, 34]
[E3] k=11 d=14 A=98 eps=6.235 supports(t=0,1,2)=[2, 2, 2]
      t=0 M=98 supp=2 elems(comb)=(0, 7) gcds=[14, 1, 2, 1, 2, 1, 2, 7, 2, 1, 2]
      t=1 M=99 supp=2 elems(comb)=(5, 9) gcds=[1, 1, 3, 1, 1, 9, 1, 1, 3, 11, 1]
      t=2 M=100 supp=2 elems(comb)=(3, 8) gcds=[4, 1, 2, 5, 4, 1, 2, 1, 20, 1, 2]
[E3] k=11 d=22 A=160 eps=3.797 supports(t=0,1,2)=[2, 2, 2]
      t=0 M=160 supp=2 elems(comb)=(3, 10) gcds=[2, 1, 8, 5, 2, 1, 4, 1, 10, 1, 32]
      t=1 M=161 supp=2 elems(comb)=(0, 2) gcds=[7, 1, 23, 1, 1, 1, 1, 7, 1, 1, 1]
      t=2 M=162 supp=2 elems(comb)=(4, 7) gcds=[2, 3, 2, 1, 6, 1, 2, 27, 2, 1, 6]
[E3] k=11 d=22 A=154 eps=9.797 supports(t=0,1,2)=[2, 2, 2]
      t=0 M=154 supp=2 elems(comb)=(0, 6) gcds=[22, 1, 2, 1, 2, 1, 14, 1, 2, 1, 2]
      t=1 M=155 supp=2 elems(comb)=(4, 10) gcds=[1, 1, 1, 1, 5, 1, 1, 1, 1, 5, 31]
      t=2 M=156 supp=2 elems(comb)=(4, 6) gcds=[4, 3, 2, 1, 12, 1, 26, 3, 4, 1, 6]
[E3] k=11 d=24 A=174 eps=4.688 supports(t=0,1,2)=[2, 2, 2]
      t=0 M=174 supp=2 elems(comb)=(0, 5) gcds=[6, 1, 2, 3, 2, 29, 6, 1, 2, 3, 2]
      t=1 M=175 supp=2 elems(comb)=(2, 5) gcds=[1, 1, 25, 1, 1, 7, 1, 5, 1, 1, 1]
      t=2 M=176 supp=2 elems(comb)=(0, 2) gcds=[22, 1, 8, 1, 2, 1, 4, 1, 2, 1, 16]
[E3] k=11 d=29 A=208 eps=7.914 supports(t=0,1,2)=[2, 2, 2]
      t=0 M=208 supp=2 elems(comb)=(3, 10) gcds=[1, 2, 1, 16, 1, 2, 1, 4, 1, 2, 13]
      t=1 M=209 supp=2 elems(comb)=(5, 10) gcds=[1, 1, 1, 1, 1, 11, 1, 1, 1, 1, 19]
      t=2 M=210 supp=2 elems(comb)=(1, 3) gcds=[3, 14, 1, 30, 1, 2, 3, 2, 35, 6, 1]
[E3] k=11 d=30 A=220 eps=3.360 supports(t=0,1,2)=[2, 2, 2]
      t=0 M=220 supp=2 elems(comb)=(3, 10) gcds=[10, 1, 4, 11, 2, 5, 4, 1, 2, 1, 20]
      t=1 M=221 supp=2 elems(comb)=(5, 10) gcds=[1, 1, 1, 1, 1, 17, 1, 1, 1, 1, 13]
      t=2 M=222 supp=2 elems(comb)=(2, 9) gcds=[2, 1, 6, 1, 2, 3, 2, 1, 6, 37, 2]
[E3] k=11 d=33 A=245 eps=0.696 supports(t=0,1,2)=[2, 2, 2]
      t=0 M=245 supp=2 elems(comb)=(2, 9) gcds=[1, 1, 35, 1, 1, 1, 1, 5, 1, 7, 1]
      t=1 M=246 supp=2 elems(comb)=(4, 9) gcds=[2, 3, 2, 1, 6, 1, 2, 3, 2, 41, 6]
      t=2 M=247 supp=2 elems(comb)=(7, 8) gcds=[1, 1, 1, 1, 1, 1, 1, 19, 13, 1, 1]
[E3] k=11 d=34 A=245 eps=8.141 supports(t=0,1,2)=[2, 2, 2]
      t=0 M=245 supp=2 elems(comb)=(1, 8) gcds=[1, 35, 1, 1, 1, 1, 5, 1, 7, 1, 1]
      t=1 M=246 supp=2 elems(comb)=(3, 8) gcds=[3, 2, 1, 6, 1, 2, 3, 2, 41, 6, 1]
      t=2 M=247 supp=2 elems(comb)=(6, 7) gcds=[1, 1, 1, 1, 1, 1, 19, 13, 1, 1, 1]
[E3] k=11 d=35 A=258 eps=2.586 supports(t=0,1,2)=[2, 2, 2]
      t=0 M=258 supp=2 elems(comb)=(1, 8) gcds=[1, 6, 1, 2, 3, 2, 1, 6, 43, 2, 3]
      t=1 M=259 supp=2 elems(comb)=(1, 3) gcds=[1, 7, 1, 37, 1, 1, 1, 1, 7, 1, 1]
      t=2 M=260 supp=2 elems(comb)=(6, 7) gcds=[1, 2, 5, 4, 1, 2, 13, 20, 1, 2, 1]
[E3] k=11 d=39 A=286 eps=4.368 supports(t=0,1,2)=[2, 2, 3]
      t=0 M=286 supp=2 elems(comb)=(0, 5) gcds=[13, 2, 1, 2, 1, 22, 1, 2, 1, 2, 1]
      t=1 M=287 supp=2 elems(comb)=(3, 4) gcds=[1, 1, 1, 41, 7, 1, 1, 1, 1, 1, 1]
      t=2 M=288 supp=3 elems(comb)=(3, 7, 8) gcds=[1, 2, 3, 8, 1, 6, 1, 4, 9, 2, 1]
[E3] k=11 d=48 A=350 eps=7.375 supports(t=0,1,2)=[2, 2, 3]
      t=0 M=350 supp=2 elems(comb)=(1, 2) gcds=[2, 7, 50, 1, 2, 1, 2, 5, 14, 1, 2]
      t=1 M=351 supp=2 elems(comb)=(5, 7) gcds=[1, 3, 1, 1, 3, 13, 1, 27, 1, 1, 3]
      t=2 M=352 supp=3 elems(comb)=(0, 2, 9) gcds=[2, 1, 16, 1, 2, 1, 4, 1, 2, 11, 8]
[E3] k=11 d=69 A=511 eps=2.727 supports(t=0,1,2)=[2, 5, 3]
      t=0 M=511 supp=2 elems(comb)=(1, 4) gcds=[1, 7, 1, 1, 73, 1, 1, 1, 7, 1, 1]
      t=1 M=512 supp=5 elems(comb)=(0, 2, 4, 6, 8) gcds=[4, 1, 2, 1, 8, 1, 2, 1, 4, 1, 2]
      t=2 M=513 supp=3 elems(comb)=(2, 5, 9) gcds=[1, 1, 3, 1, 1, 9, 1, 1, 3, 19, 1]
[E3] k=11 d=87 A=644 eps=3.743 supports(t=0,1,2)=[2, 2, 3]
      t=0 M=644 supp=2 elems(comb)=(4, 5) gcds=[1, 4, 1, 2, 7, 92, 1, 2, 1, 4, 1]
      t=1 M=645 supp=2 elems(comb)=(0, 4) gcds=[43, 3, 1, 1, 15, 1, 1, 3, 1, 5, 3]
      t=2 M=646 supp=3 elems(comb)=(0, 1, 10) gcds=[17, 2, 1, 2, 1, 2, 1, 2, 1, 2, 19]
[E3] k=11 d=101 A=748 eps=3.978 supports(t=0,1,2)=[2, 2, 2]
      t=0 M=748 supp=2 elems(comb)=(1, 9) gcds=[1, 34, 1, 4, 1, 2, 1, 4, 1, 22, 1]
      t=1 M=749 supp=2 elems(comb)=(5, 7) gcds=[1, 1, 1, 1, 1, 7, 1, 107, 1, 1, 1]
      t=2 M=750 supp=2 elems(comb)=(1, 6) gcds=[3, 50, 1, 6, 1, 2, 15, 2, 1, 6, 1]
[E3] k=11 d=168 A=1246 eps=4.814 supports(t=0,1,2)=[2, 2, 3]
      t=0 M=1246 supp=2 elems(comb)=(0, 10) gcds=[14, 1, 2, 1, 2, 1, 2, 7, 2, 1, 178]
      t=1 M=1247 supp=2 elems(comb)=(5, 7) gcds=[1, 1, 1, 1, 1, 43, 1, 29, 1, 1, 1]
      t=2 M=1248 supp=3 elems(comb)=(2, 3, 6) gcds=[2, 1, 24, 13, 2, 3, 4, 1, 6, 1, 16]
[E3] k=11 d=371 A=2754 eps=8.215 supports(t=0,1,2)=[3, 2, 3]
      t=0 M=2754 supp=3 elems(comb)=(1, 3, 7) gcds=[1, 6, 1, 34, 3, 2, 1, 54, 1, 2, 3]
      t=1 M=2755 supp=2 elems(comb)=(7, 10) gcds=[5, 1, 1, 1, 1, 5, 1, 29, 1, 1, 95]
      t=2 M=2756 supp=3 elems(comb)=(2, 3, 8) gcds=[1, 2, 53, 4, 1, 2, 1, 4, 13, 2, 1]
[E3] k=11 d=512 A=3806 eps=6.005 supports(t=0,1,2)=[3, 3, 3]
      t=0 M=3806 supp=3 elems(comb)=(0, 5, 7) gcds=[2, 1, 2, 1, 2, 11, 2, 173, 2, 1, 2]
      t=1 M=3807 supp=3 elems(comb)=(2, 5, 6) gcds=[1, 1, 27, 1, 1, 3, 47, 1, 3, 1, 1]
      t=2 M=3808 supp=3 elems(comb)=(0, 1, 2) gcds=[34, 7, 32, 1, 2, 1, 4, 1, 14, 1, 8]
[E3] k=11 d=1329 A=9888 eps=6.833 supports(t=0,1,2)=[3, 3, 3]
      t=0 M=9888 supp=3 elems(comb)=(3, 7, 10) gcds=[3, 2, 1, 12, 1, 2, 3, 8, 1, 6, 103]
      t=1 M=9889 supp=3 elems(comb)=(3, 5, 6) gcds=[1, 1, 1, 11, 1, 31, 29, 1, 1, 1, 1]
      t=2 M=9890 supp=3 elems(comb)=(3, 6, 7) gcds=[1, 2, 1, 10, 1, 2, 43, 46, 5, 2, 1]
[E3] k=11 d=1482 A=11024 eps=9.967 supports(t=0,1,2)=[3, 4, 2]
      t=0 M=11024 supp=3 elems(comb)=(0, 2, 4) gcds=[26, 1, 212, 1, 2, 1, 16, 1, 2, 1, 4]
      t=1 M=11025 supp=4 elems(comb)=(3, 4, 9, 10) gcds=[1, 3, 1, 7, 45, 1, 1, 3, 1, 5, 21]
      t=2 M=11026 supp=2 elems(comb)=(0, 10) gcds=[74, 1, 2, 1, 2, 1, 2, 1, 2, 1, 298]
[E3] k=11 d=1516 A=11284 eps=3.108 supports(t=0,1,2)=[3, 2, 3]
      t=0 M=11284 supp=3 elems(comb)=(0, 3, 5) gcds=[4, 1, 2, 217, 4, 13, 2, 1, 4, 1, 14]
      t=1 M=11285 supp=2 elems(comb)=(2, 10) gcds=[5, 1, 37, 1, 1, 5, 1, 1, 1, 1, 305]
      t=2 M=11286 supp=3 elems(comb)=(4, 6, 7) gcds=[2, 3, 2, 1, 66, 1, 38, 9, 2, 1, 6]
[E3] k=11 d=7029 A=52325 eps=8.170 supports(t=0,1,2)=[4, 3, 2]
      t=0 M=52325 supp=4 elems(comb)=(1, 4, 6, 9) gcds=[1, 5, 1, 1, 13, 1, 35, 1, 1, 23, 1]
      t=1 M=52326 supp=3 elems(comb)=(1, 2, 10) gcds=[2, 9, 38, 1, 6, 1, 2, 3, 2, 1, 306]
      t=2 M=52327 supp=2 elems(comb)=(2, 8) gcds=[1, 1, 781, 1, 1, 1, 1, 1, 67, 1, 1]
[E3] k=13 d=18 A=152 eps=7.955 supports(t=0,1,2)=[2, 2, 2]
      t=0 M=152 supp=2 elems(comb)=(1, 6) gcds=[2, 19, 4, 1, 2, 1, 8, 1, 2, 1, 4, 1, 2]
      t=1 M=153 supp=2 elems(comb)=(0, 1) gcds=[17, 9, 1, 1, 3, 1, 1, 3, 1, 1, 9, 1, 1]
      t=2 M=154 supp=2 elems(comb)=(5, 6) gcds=[2, 1, 2, 1, 2, 7, 22, 1, 2, 1, 2, 1, 14]
[E3] k=13 d=19 A=160 eps=8.842 supports(t=0,1,2)=[2, 2, 2]
      t=0 M=160 supp=2 elems(comb)=(1, 5) gcds=[1, 20, 1, 2, 1, 8, 5, 2, 1, 4, 1, 10, 1]
      t=1 M=161 supp=2 elems(comb)=(3, 5) gcds=[1, 1, 1, 7, 1, 23, 1, 1, 1, 1, 7, 1, 1]
      t=2 M=162 supp=2 elems(comb)=(1, 10) gcds=[1, 18, 1, 2, 3, 2, 1, 6, 1, 2, 27, 2, 1]
[E3] k=13 d=20 A=174 eps=3.728 supports(t=0,1,2)=[2, 2, 2]
      t=0 M=174 supp=2 elems(comb)=(4, 9) gcds=[2, 3, 2, 1, 6, 1, 2, 3, 2, 29, 6, 1, 2]
      t=1 M=175 supp=2 elems(comb)=(2, 6) gcds=[1, 5, 7, 1, 1, 1, 25, 1, 1, 7, 1, 5, 1]
      t=2 M=176 supp=2 elems(comb)=(4, 6) gcds=[2, 1, 4, 1, 22, 1, 8, 1, 2, 1, 4, 1, 2]
[E3] k=13 d=29 A=246 eps=11.706 supports(t=0,1,2)=[2, 2, 2]
      t=0 M=246 supp=2 elems(comb)=(1, 12) gcds=[1, 6, 1, 2, 3, 2, 1, 6, 1, 2, 3, 2, 41]
      t=1 M=247 supp=2 elems(comb)=(10, 11) gcds=[1, 1, 1, 1, 1, 1, 1, 1, 1, 1, 19, 13, 1]
      t=2 M=248 supp=2 elems(comb)=(4, 5) gcds=[1, 4, 1, 2, 31, 8, 1, 2, 1, 4, 1, 2, 1]
[E3] k=13 d=30 A=259 eps=7.592 supports(t=0,1,2)=[2, 2, 2]
      t=0 M=259 supp=2 elems(comb)=(5, 7) gcds=[1, 1, 1, 1, 1, 7, 1, 37, 1, 1, 1, 1, 7]
      t=1 M=260 supp=2 elems(comb)=(10, 11) gcds=[1, 10, 1, 4, 1, 2, 5, 4, 1, 2, 13, 20, 1]
      t=2 M=261 supp=2 elems(comb)=(1, 8) gcds=[1, 29, 3, 1, 1, 3, 1, 1, 9, 1, 1, 3, 1]
[E3] k=13 d=33 A=286 eps=7.251 supports(t=0,1,2)=[2, 2, 2]
      t=0 M=286 supp=2 elems(comb)=(6, 11) gcds=[11, 2, 1, 2, 1, 2, 13, 2, 1, 2, 1, 22, 1]
      t=1 M=287 supp=2 elems(comb)=(3, 9) gcds=[1, 1, 1, 7, 1, 1, 1, 1, 1, 41, 7, 1, 1]
      t=2 M=288 supp=2 elems(comb)=(1, 5) gcds=[1, 32, 3, 2, 1, 36, 1, 2, 3, 8, 1, 6, 1]
[E3] k=13 d=33 A=285 eps=8.251 supports(t=0,1,2)=[2, 2, 2]
      t=0 M=285 supp=2 elems(comb)=(5, 12) gcds=[3, 1, 5, 3, 1, 19, 3, 5, 1, 3, 1, 1, 15]
      t=1 M=286 supp=2 elems(comb)=(7, 12) gcds=[2, 11, 2, 1, 2, 1, 2, 13, 2, 1, 2, 1, 22]
      t=2 M=287 supp=2 elems(comb)=(4, 10) gcds=[1, 1, 1, 1, 7, 1, 1, 1, 1, 1, 41, 7, 1]
[E3] k=13 d=34 A=299 eps=3.138 supports(t=0,1,2)=[2, 2, 2]
      t=0 M=299 supp=2 elems(comb)=(5, 12) gcds=[1, 1, 1, 1, 1, 13, 1, 1, 1, 1, 1, 1, 23]
      t=1 M=300 supp=2 elems(comb)=(7, 12) gcds=[3, 2, 5, 12, 1, 2, 3, 20, 1, 6, 1, 4, 15]
      t=2 M=301 supp=2 elems(comb)=(3, 11) gcds=[1, 1, 1, 7, 1, 1, 1, 1, 1, 1, 7, 43, 1]
[E3] k=13 d=37 A=328 eps=0.797 supports(t=0,1,2)=[2, 2, 2]
      t=0 M=328 supp=2 elems(comb)=(3, 4) gcds=[1, 2, 1, 8, 41, 2, 1, 4, 1, 2, 1, 8, 1]
      t=1 M=329 supp=2 elems(comb)=(6, 11) gcds=[1, 1, 1, 1, 1, 1, 7, 1, 1, 1, 1, 47, 1]
      t=2 M=330 supp=2 elems(comb)=(9, 10) gcds=[5, 6, 1, 2, 3, 10, 1, 6, 1, 22, 15, 2, 1]
[E3] k=13 d=38 A=328 eps=9.683 supports(t=0,1,2)=[2, 2, 2]
      t=0 M=328 supp=2 elems(comb)=(2, 3) gcds=[2, 1, 8, 41, 2, 1, 4, 1, 2, 1, 8, 1, 2]
      t=1 M=329 supp=2 elems(comb)=(5, 10) gcds=[1, 1, 1, 1, 1, 7, 1, 1, 1, 1, 47, 1, 7]
      t=2 M=330 supp=2 elems(comb)=(8, 9) gcds=[6, 1, 2, 3, 10, 1, 6, 1, 22, 15, 2, 1, 6]
[E3] k=13 d=39 A=343 eps=3.570 supports(t=0,1,2)=[2, 2, 2]
      t=0 M=343 supp=2 elems(comb)=(3, 10) gcds=[1, 1, 1, 7, 1, 1, 1, 1, 1, 1, 49, 1, 1]
      t=1 M=344 supp=2 elems(comb)=(2, 5) gcds=[2, 1, 8, 1, 2, 43, 4, 1, 2, 1, 8, 1, 2]
      t=2 M=345 supp=2 elems(comb)=(8, 9) gcds=[1, 1, 3, 5, 1, 3, 1, 1, 15, 23, 1, 3, 1]
[E3] k=13 d=40 A=350 eps=5.456 supports(t=0,1,2)=[2, 2, 2]
      t=0 M=350 supp=2 elems(comb)=(2, 10) gcds=[10, 1, 14, 1, 2, 5, 2, 1, 2, 7, 50, 1, 2]
      t=1 M=351 supp=2 elems(comb)=(0, 6) gcds=[39, 1, 1, 3, 1, 1, 9, 1, 1, 3, 1, 1, 3]
      t=2 M=352 supp=2 elems(comb)=(2, 6) gcds=[2, 1, 8, 1, 2, 1, 44, 1, 2, 1, 16, 1, 2]
[E3] k=13 d=43 A=374 eps=8.115 supports(t=0,1,2)=[2, 2, 2]
      t=0 M=374 supp=2 elems(comb)=(1, 8) gcds=[1, 22, 1, 2, 1, 2, 1, 2, 17, 2, 1, 2, 11]
      t=1 M=375 supp=2 elems(comb)=(3, 8) gcds=[3, 1, 1, 15, 1, 1, 3, 1, 25, 3, 1, 1, 3]
      t=2 M=376 supp=2 elems(comb)=(6, 7) gcds=[1, 2, 1, 4, 1, 2, 47, 8, 1, 2, 1, 4, 1]
[E3] k=13 d=44 A=390 eps=1.002 supports(t=0,1,2)=[2, 2, 2]
      t=0 M=390 supp=2 elems(comb)=(1, 8) gcds=[2, 15, 2, 1, 6, 1, 10, 3, 26, 1, 6, 5, 2]
      t=1 M=391 supp=2 elems(comb)=(3, 8) gcds=[1, 1, 1, 23, 1, 1, 1, 1, 17, 1, 1, 1, 1]
      t=2 M=392 supp=2 elems(comb)=(6, 7) gcds=[14, 1, 4, 1, 2, 1, 8, 49, 2, 1, 4, 1, 2]
[E3] k=13 d=45 A=390 eps=9.888 supports(t=0,1,2)=[2, 2, 2]
      t=0 M=390 supp=2 elems(comb)=(0, 7) gcds=[15, 2, 1, 6, 1, 10, 3, 26, 1, 6, 5, 2, 3]
      t=1 M=391 supp=2 elems(comb)=(2, 7) gcds=[1, 1, 23, 1, 1, 1, 1, 17, 1, 1, 1, 1, 1]
      t=2 M=392 supp=2 elems(comb)=(5, 6) gcds=[1, 4, 1, 2, 1, 8, 49, 2, 1, 4, 1, 2, 1]
[E3] k=13 d=50 A=440 eps=4.320 supports(t=0,1,2)=[2, 2, 2]
      t=0 M=440 supp=2 elems(comb)=(5, 6) gcds=[10, 1, 4, 1, 2, 55, 8, 1, 2, 1, 20, 1, 2]
      t=1 M=441 supp=2 elems(comb)=(0, 5) gcds=[49, 1, 3, 1, 1, 9, 1, 7, 3, 1, 1, 3, 1]
      t=2 M=442 supp=2 elems(comb)=(3, 4) gcds=[2, 1, 2, 17, 26, 1, 2, 1, 2, 1, 2, 1, 2]
[E3] k=13 d=56 A=494 eps=3.639 supports(t=0,1,2)=[3, 2, 2]
      t=0 M=494 supp=3 elems(comb)=(0, 1, 9) gcds=[2, 19, 2, 1, 2, 1, 2, 1, 2, 13, 2, 1, 2]
      t=1 M=495 supp=2 elems(comb)=(0, 8) gcds=[55, 1, 3, 1, 1, 15, 1, 1, 9, 1, 5, 33, 1]
      t=2 M=496 supp=2 elems(comb)=(2, 8) gcds=[2, 1, 8, 1, 2, 1, 4, 1, 62, 1, 16, 1, 2]
[E3] k=13 d=56 A=493 eps=4.639 supports(t=0,1,2)=[2, 3, 2]
      t=0 M=493 supp=2 elems(comb)=(2, 12) gcds=[1, 1, 29, 1, 1, 1, 1, 1, 1, 1, 1, 1, 17]
      t=1 M=494 supp=3 elems(comb)=(1, 2, 10) gcds=[1, 2, 19, 2, 1, 2, 1, 2, 1, 2, 13, 2, 1]
      t=2 M=495 supp=2 elems(comb)=(0, 1) gcds=[9, 55, 1, 3, 1, 1, 15, 1, 1, 9, 1, 5, 33]
[E3] k=13 d=75 A=664 eps=2.480 supports(t=0,1,2)=[2, 3, 2]
      t=0 M=664 supp=2 elems(comb)=(5, 8) gcds=[1, 4, 1, 2, 1, 8, 1, 2, 83, 4, 1, 2, 1]
      t=1 M=665 supp=3 elems(comb)=(1, 2, 3) gcds=[1, 5, 19, 7, 1, 1, 5, 1, 1, 1, 7, 5, 1]
      t=2 M=666 supp=2 elems(comb)=(1, 8) gcds=[1, 74, 3, 2, 1, 6, 1, 2, 9, 2, 1, 6, 1]
[E3] k=13 d=75 A=663 eps=3.480 supports(t=0,1,2)=[2, 2, 3]
      t=0 M=663 supp=2 elems(comb)=(3, 10) gcds=[3, 1, 1, 39, 1, 1, 3, 1, 1, 3, 17, 1, 3]
      t=1 M=664 supp=2 elems(comb)=(6, 9) gcds=[2, 1, 4, 1, 2, 1, 8, 1, 2, 83, 4, 1, 2]
      t=2 M=665 supp=3 elems(comb)=(2, 3, 4) gcds=[1, 1, 5, 19, 7, 1, 1, 5, 1, 1, 1, 7, 5]
[E3] k=13 d=76 A=664 eps=11.367 supports(t=0,1,2)=[2, 3, 2]
      t=0 M=664 supp=2 elems(comb)=(4, 7) gcds=[4, 1, 2, 1, 8, 1, 2, 83, 4, 1, 2, 1, 8]
      t=1 M=665 supp=3 elems(comb)=(0, 1, 2) gcds=[5, 19, 7, 1, 1, 5, 1, 1, 1, 7, 5, 1, 1]
      t=2 M=666 supp=2 elems(comb)=(0, 7) gcds=[74, 3, 2, 1, 6, 1, 2, 9, 2, 1, 6, 1, 2]
[E3] k=13 d=81 A=713 eps=6.799 supports(t=0,1,2)=[2, 2, 3]
      t=0 M=713 supp=2 elems(comb)=(11, 12) gcds=[1, 1, 1, 1, 1, 1, 1, 1, 1, 1, 1, 23, 31]
      t=1 M=714 supp=2 elems(comb)=(4, 5) gcds=[2, 3, 2, 1, 42, 17, 2, 3, 2, 1, 6, 7, 2]
      t=2 M=715 supp=3 elems(comb)=(1, 9, 12) gcds=[1, 5, 1, 1, 1, 1, 5, 1, 1, 11, 1, 5, 13]
[E3] k=13 d=90 A=799 eps=0.776 supports(t=0,1,2)=[2, 2, 2]
      t=0 M=799 supp=2 elems(comb)=(4, 12) gcds=[1, 1, 1, 1, 47, 1, 1, 1, 1, 1, 1, 1, 17]
      t=1 M=800 supp=2 elems(comb)=(7, 11) gcds=[1, 10, 1, 4, 1, 2, 5, 32, 1, 2, 1, 100, 1]
      t=2 M=801 supp=2 elems(comb)=(1, 2) gcds=[1, 89, 9, 1, 1, 3, 1, 1, 3, 1, 1, 9, 1]
[E3] k=13 d=91 A=799 eps=9.663 supports(t=0,1,2)=[2, 2, 2]
      t=0 M=799 supp=2 elems(comb)=(3, 11) gcds=[1, 1, 1, 47, 1, 1, 1, 1, 1, 1, 1, 17, 1]
      t=1 M=800 supp=2 elems(comb)=(6, 10) gcds=[10, 1, 4, 1, 2, 5, 32, 1, 2, 1, 100, 1, 2]
      t=2 M=801 supp=2 elems(comb)=(0, 1) gcds=[89, 9, 1, 1, 3, 1, 1, 3, 1, 1, 9, 1, 1]
[E3] k=13 d=91 A=798 eps=10.663 supports(t=0,1,2)=[3, 2, 2]
      t=0 M=798 supp=3 elems(comb)=(0, 4, 5) gcds=[7, 2, 3, 2, 19, 6, 1, 14, 3, 2, 1, 6, 1]
      t=1 M=799 supp=2 elems(comb)=(4, 12) gcds=[1, 1, 1, 1, 47, 1, 1, 1, 1, 1, 1, 1, 17]
      t=2 M=800 supp=2 elems(comb)=(7, 11) gcds=[1, 10, 1, 4, 1, 2, 5, 32, 1, 2, 1, 100, 1]
[E3] k=13 d=116 A=1024 eps=6.823 supports(t=0,1,2)=[2, 2, 2]
      t=0 M=1024 supp=2 elems(comb)=(4, 12) gcds=[4, 1, 2, 1, 8, 1, 2, 1, 4, 1, 2, 1, 128]
      t=1 M=1025 supp=2 elems(comb)=(8, 10) gcds=[5, 1, 1, 1, 1, 5, 1, 1, 41, 1, 25, 1, 1]
      t=2 M=1026 supp=2 elems(comb)=(0, 3) gcds=[114, 1, 2, 9, 2, 1, 6, 1, 2, 3, 2, 1, 18]
[E3] k=13 d=116 A=1023 eps=7.823 supports(t=0,1,2)=[3, None, 2]
      t=0 M=1023 supp=3 elems(comb)=(1, 5, 8) gcds=[1, 3, 1, 1, 3, 11, 1, 3, 31, 1, 3, 1, 1]
      t=1 M=1024 supp=None elems(comb)=None gcds=[1, 4, 1, 2, 1, 8, 1, 2, 1, 4, 1, 2, 1]
      t=2 M=1025 supp=2 elems(comb)=(9, 11) gcds=[1, 5, 1, 1, 1, 1, 5, 1, 1, 41, 1, 25, 1]
[E3] k=13 d=144 A=1274 eps=5.642 supports(t=0,1,2)=[2, 2, 3]
      t=0 M=1274 supp=2 elems(comb)=(3, 12) gcds=[2, 1, 2, 49, 2, 1, 2, 1, 2, 1, 14, 1, 26]
      t=1 M=1275 supp=2 elems(comb)=(7, 10) gcds=[1, 3, 5, 1, 3, 1, 1, 75, 1, 1, 51, 1, 5]
      t=2 M=1276 supp=3 elems(comb)=(0, 3, 12) gcds=[2, 11, 4, 29, 2, 1, 4, 1, 2, 1, 4, 1, 22]
[E3] k=13 d=194 A=1715 eps=8.962 supports(t=0,1,2)=[3, 3, 2]
      t=0 M=1715 supp=3 elems(comb)=(1, 2, 9) gcds=[1, 5, 49, 1, 1, 1, 5, 1, 1, 7, 1, 5, 1]
      t=1 M=1716 supp=3 elems(comb)=(1, 2, 5) gcds=[1, 2, 39, 4, 1, 66, 1, 4, 3, 2, 1, 12, 1]
      t=2 M=1717 supp=2 elems(comb)=(10, 12) gcds=[1, 1, 1, 1, 1, 1, 1, 1, 1, 1, 101, 1, 17]
[E3] k=13 d=244 A=2158 eps=10.282 supports(t=0,1,2)=[3, 2, 3]
      t=0 M=2158 supp=3 elems(comb)=(0, 3, 5) gcds=[2, 1, 2, 13, 2, 83, 2, 1, 2, 1, 2, 1, 2]
      t=1 M=2159 supp=2 elems(comb)=(11, 12) gcds=[1, 1, 1, 1, 1, 1, 1, 1, 1, 1, 1, 127, 17]
      t=2 M=2160 supp=3 elems(comb)=(1, 6, 8) gcds=[2, 27, 4, 5, 6, 1, 8, 3, 10, 1, 36, 1, 2]
[E3] k=13 d=398 A=3534 eps=2.788 supports(t=0,1,2)=[3, 3, 3]
      t=0 M=3534 supp=3 elems(comb)=(0, 1, 5) gcds=[2, 57, 2, 1, 6, 31, 2, 3, 2, 1, 6, 1, 2]
      t=1 M=3535 supp=3 elems(comb)=(2, 3, 7) gcds=[1, 1, 7, 5, 1, 1, 1, 101, 5, 7, 1, 1, 1]
      t=2 M=3536 supp=3 elems(comb)=(0, 7, 12) gcds=[4, 1, 2, 1, 16, 1, 2, 13, 4, 1, 2, 1, 136]
[E3] k=13 d=399 A=3534 eps=11.675 supports(t=0,1,2)=[3, 3, 3]
      t=0 M=3534 supp=3 elems(comb)=(0, 1, 4) gcds=[57, 2, 1, 6, 31, 2, 3, 2, 1, 6, 1, 2, 3]
      t=1 M=3535 supp=3 elems(comb)=(1, 2, 6) gcds=[1, 7, 5, 1, 1, 1, 101, 5, 7, 1, 1, 1, 5]
      t=2 M=3536 supp=3 elems(comb)=(1, 6, 11) gcds=[1, 2, 1, 16, 1, 2, 13, 4, 1, 2, 1, 136, 1]
[E3] k=13 d=711 A=6318 eps=0.232 supports(t=0,1,2)=[4, 2, 2]
      t=0 M=6318 supp=4 elems(comb)=(0, 3, 4, 9) gcds=[9, 2, 1, 6, 13, 2, 3, 2, 1, 18, 1, 2, 3]
      t=1 M=6319 supp=2 elems(comb)=(0, 2) gcds=[71, 1, 89, 1, 1, 1, 1, 1, 1, 1, 1, 1, 1]
      t=2 M=6320 supp=2 elems(comb)=(2, 11) gcds=[1, 10, 79, 8, 1, 2, 5, 4, 1, 2, 1, 80, 1]
[E3] k=13 d=1468 A=13039 eps=6.239 supports(t=0,1,2)=[3, 3, 4]
      t=0 M=13039 supp=3 elems(comb)=(1, 7, 11) gcds=[1, 13, 1, 1, 1, 1, 1, 59, 1, 1, 1, 17, 1]
      t=1 M=13040 supp=3 elems(comb)=(0, 3, 5) gcds=[163, 4, 1, 10, 1, 16, 1, 2, 5, 4, 1, 2, 1]
      t=2 M=13041 supp=4 elems(comb)=(1, 4, 6, 7) gcds=[1, 9, 1, 1, 21, 1, 23, 3, 1, 1, 9, 7, 1]
[E3] k=13 d=2201 A=19550 eps=8.972 supports(t=0,1,2)=[3, 3, 3]
      t=0 M=19550 supp=3 elems(comb)=(4, 7, 9) gcds=[1, 2, 1, 2, 5, 2, 1, 46, 1, 170, 1, 2, 1]
      t=1 M=19551 supp=3 elems(comb)=(4, 5, 12) gcds=[1, 1, 3, 1, 19, 147, 1, 1, 3, 1, 1, 3, 7]
      t=2 M=19552 supp=3 elems(comb)=(9, 10, 11) gcds=[1, 8, 1, 2, 1, 4, 1, 2, 1, 32, 47, 26, 1]
[E3] k=13 d=4467 A=39688 eps=7.560 supports(t=0,1,2)=[3, 2, 4]
      t=0 M=39688 supp=3 elems(comb)=(2, 5, 10) gcds=[1, 4, 41, 2, 1, 8, 1, 2, 1, 4, 121, 2, 1]
      t=1 M=39689 supp=2 elems(comb)=(6, 7) gcds=[1, 1, 1, 1, 1, 1, 559, 71, 1, 1, 1, 1, 1]
      t=2 M=39690 supp=4 elems(comb)=(1, 2, 5, 8) gcds=[5, 14, 3, 2, 1, 30, 1, 2, 63, 2, 5, 6, 1]
[E3] k=15 d=18 A=174 eps=11.902 supports(t=0,1,2)=[2, 2, 2]
      t=0 M=174 supp=2 elems(comb)=(0, 11) gcds=[6, 1, 2, 3, 2, 1, 6, 1, 2, 3, 2, 29, 6, 1, 2]
      t=1 M=175 supp=2 elems(comb)=(4, 8) gcds=[1, 1, 1, 5, 7, 1, 1, 1, 25, 1, 1, 7, 1, 5, 1]
      t=2 M=176 supp=2 elems(comb)=(0, 6) gcds=[16, 1, 2, 1, 4, 1, 22, 1, 8, 1, 2, 1, 4, 1, 2]
[E3] k=15 d=21 A=207 eps=9.886 supports(t=0,1,2)=[2, 2, 2]
      t=0 M=207 supp=2 elems(comb)=(2, 6) gcds=[3, 1, 23, 3, 1, 1, 9, 1, 1, 3, 1, 1, 3, 1, 1]
      t=1 M=208 supp=2 elems(comb)=(4, 6) gcds=[4, 1, 2, 1, 8, 1, 26, 1, 4, 1, 2, 1, 16, 1, 2]
      t=2 M=209 supp=2 elems(comb)=(0, 3) gcds=[19, 1, 1, 11, 1, 1, 1, 1, 1, 1, 1, 1, 1, 1, 11]
[E3] k=15 d=23 A=230 eps=7.542 supports(t=0,1,2)=[2, 2, 2]
      t=0 M=230 supp=2 elems(comb)=(0, 7) gcds=[23, 2, 5, 2, 1, 2, 1, 10, 1, 2, 1, 2, 5, 2, 1]
      t=1 M=231 supp=2 elems(comb)=(6, 11) gcds=[11, 1, 3, 1, 1, 3, 7, 1, 3, 1, 1, 33, 1, 7, 3]
      t=2 M=232 supp=2 elems(comb)=(3, 8) gcds=[1, 2, 1, 8, 1, 2, 1, 4, 29, 2, 1, 8, 1, 2, 1]
[E3] k=15 d=26 A=259 eps=9.526 supports(t=0,1,2)=[2, 2, 2]
      t=0 M=259 supp=2 elems(comb)=(2, 11) gcds=[1, 1, 7, 1, 1, 1, 1, 1, 1, 7, 1, 37, 1, 1, 1]
      t=1 M=260 supp=2 elems(comb)=(1, 5) gcds=[5, 26, 1, 4, 1, 10, 1, 4, 1, 2, 5, 4, 1, 2, 13]
      t=2 M=261 supp=2 elems(comb)=(3, 5) gcds=[3, 1, 1, 9, 1, 29, 3, 1, 1, 3, 1, 1, 9, 1, 1]
[E3] k=15 d=28 A=286 eps=3.182 supports(t=0,1,2)=[3, 2, 2]
      t=0 M=286 supp=3 elems(comb)=(0, 5, 11) gcds=[2, 1, 2, 1, 2, 11, 2, 1, 2, 1, 2, 13, 2, 1, 2]
      t=1 M=287 supp=2 elems(comb)=(1, 14) gcds=[1, 7, 1, 1, 1, 1, 1, 1, 7, 1, 1, 1, 1, 1, 41]
      t=2 M=288 supp=2 elems(comb)=(1, 6) gcds=[2, 9, 4, 1, 6, 1, 32, 3, 2, 1, 36, 1, 2, 3, 8]
[E3] k=15 d=29 A=286 eps=13.509 supports(t=0,1,2)=[3, 2, 2]
      t=0 M=286 supp=3 elems(comb)=(1, 4, 10) gcds=[1, 2, 1, 2, 11, 2, 1, 2, 1, 2, 13, 2, 1, 2, 1]
      t=1 M=287 supp=2 elems(comb)=(0, 13) gcds=[7, 1, 1, 1, 1, 1, 1, 7, 1, 1, 1, 1, 1, 41, 7]
      t=2 M=288 supp=2 elems(comb)=(0, 5) gcds=[9, 4, 1, 6, 1, 32, 3, 2, 1, 36, 1, 2, 3, 8, 1]
[E3] k=15 d=32 A=323 eps=7.493 supports(t=0,1,2)=[2, 2, 3]
      t=0 M=323 supp=2 elems(comb)=(2, 6) gcds=[1, 1, 17, 1, 1, 1, 19, 1, 1, 1, 1, 1, 1, 1, 1]
      t=1 M=324 supp=2 elems(comb)=(5, 14) gcds=[1, 4, 3, 2, 1, 36, 1, 2, 3, 4, 1, 6, 1, 4, 9]
      t=2 M=325 supp=3 elems(comb)=(0, 5, 9) gcds=[5, 1, 1, 1, 1, 5, 1, 1, 1, 13, 5, 1, 1, 1, 1]
[E3] k=15 d=32 A=322 eps=8.493 supports(t=0,1,2)=[2, 2, 3]
      t=0 M=322 supp=2 elems(comb)=(3, 14) gcds=[2, 1, 2, 7, 2, 1, 2, 1, 2, 1, 14, 1, 2, 1, 46]
      t=1 M=323 supp=2 elems(comb)=(3, 7) gcds=[1, 1, 1, 17, 1, 1, 1, 19, 1, 1, 1, 1, 1, 1, 1]
      t=2 M=324 supp=3 elems(comb)=(0, 3, 6) gcds=[6, 1, 4, 3, 2, 1, 36, 1, 2, 3, 4, 1, 6, 1, 4]
[E3] k=15 d=34 A=350 eps=1.149 supports(t=0,1,2)=[2, 2, 2]
      t=0 M=350 supp=2 elems(comb)=(1, 6) gcds=[2, 35, 2, 1, 2, 1, 10, 1, 14, 1, 2, 5, 2, 1, 2]
      t=1 M=351 supp=2 elems(comb)=(3, 6) gcds=[3, 1, 1, 9, 1, 1, 39, 1, 1, 3, 1, 1, 9, 1, 1]
      t=2 M=352 supp=2 elems(comb)=(0, 1) gcds=[32, 11, 2, 1, 4, 1, 2, 1, 8, 1, 2, 1, 44, 1, 2]
[E3] k=15 d=35 A=350 eps=11.477 supports(t=0,1,2)=[2, 2, 2]
      t=0 M=350 supp=2 elems(comb)=(0, 5) gcds=[35, 2, 1, 2, 1, 10, 1, 14, 1, 2, 5, 2, 1, 2, 7]
      t=1 M=351 supp=2 elems(comb)=(2, 5) gcds=[1, 1, 9, 1, 1, 39, 1, 1, 3, 1, 1, 9, 1, 1, 3]
      t=2 M=352 supp=2 elems(comb)=(7, 11) gcds=[11, 2, 1, 4, 1, 2, 1, 8, 1, 2, 1, 44, 1, 2, 1]
[E3] k=15 d=36 A=368 eps=3.805 supports(t=0,1,2)=[2, 2, 2]
      t=0 M=368 supp=2 elems(comb)=(4, 10) gcds=[4, 1, 2, 1, 8, 1, 2, 1, 4, 1, 46, 1, 16, 1, 2]
      t=1 M=369 supp=2 elems(comb)=(1, 6) gcds=[1, 9, 1, 1, 3, 1, 41, 3, 1, 1, 9, 1, 1, 3, 1]
      t=2 M=370 supp=2 elems(comb)=(3, 6) gcds=[2, 5, 2, 37, 2, 1, 10, 1, 2, 1, 2, 5, 2, 1, 2]
[E3] k=15 d=37 A=374 eps=8.133 supports(t=0,1,2)=[2, 2, 2]
      t=0 M=374 supp=2 elems(comb)=(7, 14) gcds=[1, 2, 1, 2, 1, 2, 1, 22, 1, 2, 1, 2, 1, 2, 17]
      t=1 M=375 supp=2 elems(comb)=(9, 14) gcds=[3, 1, 1, 3, 5, 1, 3, 1, 1, 15, 1, 1, 3, 1, 25]
      t=2 M=376 supp=2 elems(comb)=(5, 12) gcds=[1, 4, 1, 2, 1, 8, 1, 2, 1, 4, 1, 2, 47, 8, 1]
[E3] k=15 d=38 A=390 eps=2.461 supports(t=0,1,2)=[2, 2, 2]
      t=0 M=390 supp=2 elems(comb)=(1, 2) gcds=[2, 39, 10, 1, 6, 1, 2, 15, 2, 1, 6, 1, 10, 3, 26]
      t=1 M=391 supp=2 elems(comb)=(9, 14) gcds=[1, 1, 1, 1, 1, 1, 1, 1, 1, 23, 1, 1, 1, 1, 17]
      t=2 M=392 supp=2 elems(comb)=(4, 13) gcds=[4, 1, 2, 1, 8, 1, 14, 1, 4, 1, 2, 1, 8, 49, 2]
[E3] k=15 d=39 A=390 eps=12.789 supports(t=0,1,2)=[2, 2, 2]
      t=0 M=390 supp=2 elems(comb)=(0, 1) gcds=[39, 10, 1, 6, 1, 2, 15, 2, 1, 6, 1, 10, 3, 26, 1]
      t=1 M=391 supp=2 elems(comb)=(8, 13) gcds=[1, 1, 1, 1, 1, 1, 1, 1, 23, 1, 1, 1, 1, 17, 1]
      t=2 M=392 supp=2 elems(comb)=(3, 12) gcds=[1, 2, 1, 8, 1, 14, 1, 4, 1, 2, 1, 8, 49, 2, 1]
[E3] k=15 d=41 A=423 eps=0.444 supports(t=0,1,2)=[2, 2, 2]
      t=0 M=423 supp=2 elems(comb)=(4, 6) gcds=[1, 3, 1, 1, 9, 1, 47, 3, 1, 1, 3, 1, 1, 9, 1]
      t=1 M=424 supp=2 elems(comb)=(0, 13) gcds=[8, 1, 2, 1, 4, 1, 2, 1, 8, 1, 2, 1, 4, 53, 2]
      t=2 M=425 supp=2 elems(comb)=(11, 12) gcds=[1, 5, 1, 1, 1, 1, 5, 1, 1, 1, 1, 25, 17, 1, 1]
[E3] k=15 d=42 A=423 eps=10.772 supports(t=0,1,2)=[2, 2, 2]
      t=0 M=423 supp=2 elems(comb)=(3, 5) gcds=[3, 1, 1, 9, 1, 47, 3, 1, 1, 3, 1, 1, 9, 1, 1]
      t=1 M=424 supp=2 elems(comb)=(7, 12) gcds=[1, 2, 1, 4, 1, 2, 1, 8, 1, 2, 1, 4, 53, 2, 1]
      t=2 M=425 supp=2 elems(comb)=(10, 11) gcds=[5, 1, 1, 1, 1, 5, 1, 1, 1, 1, 25, 17, 1, 1, 1]
[E3] k=15 d=43 A=440 eps=4.100 supports(t=0,1,2)=[2, 2, 2]
      t=0 M=440 supp=2 elems(comb)=(1, 7) gcds=[1, 44, 5, 2, 1, 8, 1, 10, 1, 4, 1, 2, 55, 8, 1]
      t=1 M=441 supp=2 elems(comb)=(3, 7) gcds=[21, 1, 1, 9, 1, 1, 3, 49, 1, 3, 1, 1, 9, 1, 7]
      t=2 M=442 supp=2 elems(comb)=(10, 11) gcds=[1, 2, 1, 2, 1, 2, 1, 2, 1, 2, 17, 26, 1, 2, 1]
[E3] k=15 d=46 A=475 eps=0.084 supports(t=0,1,2)=[2, 2, 2]
      t=0 M=475 supp=2 elems(comb)=(4, 11) gcds=[1, 1, 1, 1, 25, 1, 1, 1, 1, 5, 1, 19, 1, 1, 5]
      t=1 M=476 supp=2 elems(comb)=(6, 11) gcds=[1, 2, 1, 4, 7, 2, 17, 4, 1, 2, 1, 28, 1, 2, 1]
      t=2 M=477 supp=2 elems(comb)=(1, 9) gcds=[1, 9, 1, 1, 3, 1, 1, 3, 1, 53, 9, 1, 1, 3, 1]
[E3] k=15 d=47 A=475 eps=10.412 supports(t=0,1,2)=[2, 2, 2]
      t=0 M=475 supp=2 elems(comb)=(3, 10) gcds=[1, 1, 1, 25, 1, 1, 1, 1, 5, 1, 19, 1, 1, 5, 1]
      t=1 M=476 supp=2 elems(comb)=(5, 10) gcds=[2, 1, 4, 7, 2, 17, 4, 1, 2, 1, 28, 1, 2, 1, 4]
      t=2 M=477 supp=2 elems(comb)=(0, 8) gcds=[9, 1, 1, 3, 1, 1, 3, 1, 53, 9, 1, 1, 3, 1, 1]
[E3] k=15 d=48 A=493 eps=2.740 supports(t=0,1,2)=[2, 2, 2]
      t=0 M=493 supp=2 elems(comb)=(3, 10) gcds=[1, 1, 1, 17, 1, 1, 1, 1, 1, 1, 29, 1, 1, 1, 1]
      t=1 M=494 supp=2 elems(comb)=(5, 10) gcds=[1, 2, 1, 2, 1, 26, 1, 2, 1, 2, 19, 2, 1, 2, 1]
      t=2 M=495 supp=2 elems(comb)=(8, 9) gcds=[1, 1, 3, 1, 5, 3, 1, 1, 9, 55, 1, 3, 1, 1, 15]
[E3] k=15 d=49 A=493 eps=13.068 supports(t=0,1,2)=[2, 2, 2]
      t=0 M=493 supp=2 elems(comb)=(2, 9) gcds=[1, 1, 17, 1, 1, 1, 1, 1, 1, 29, 1, 1, 1, 1, 1]
      t=1 M=494 supp=2 elems(comb)=(4, 9) gcds=[2, 1, 2, 1, 26, 1, 2, 1, 2, 19, 2, 1, 2, 1, 2]
      t=2 M=495 supp=2 elems(comb)=(7, 8) gcds=[1, 3, 1, 5, 3, 1, 1, 9, 55, 1, 3, 1, 1, 15, 1]
[E3] k=15 d=52 A=530 eps=7.051 supports(t=0,1,2)=[2, 2, 2]
      t=0 M=530 supp=2 elems(comb)=(1, 8) gcds=[2, 53, 2, 5, 2, 1, 2, 1, 10, 1, 2, 1, 2, 5, 2]
      t=1 M=531 supp=2 elems(comb)=(3, 8) gcds=[3, 1, 1, 9, 1, 1, 3, 1, 59, 3, 1, 1, 9, 1, 1]
      t=2 M=532 supp=2 elems(comb)=(6, 7) gcds=[2, 1, 4, 1, 2, 1, 28, 19, 2, 1, 4, 1, 2, 7, 4]
[E3] k=15 d=54 A=549 eps=8.707 supports(t=0,1,2)=[2, 2, 2]
      t=0 M=549 supp=2 elems(comb)=(0, 7) gcds=[9, 1, 1, 3, 1, 1, 3, 61, 1, 9, 1, 1, 3, 1, 1]
      t=1 M=550 supp=2 elems(comb)=(2, 7) gcds=[1, 2, 55, 2, 1, 2, 1, 10, 1, 2, 1, 2, 5, 22, 1]
      t=2 M=551 supp=2 elems(comb)=(5, 6) gcds=[1, 1, 1, 1, 1, 19, 29, 1, 1, 1, 1, 1, 1, 1, 1]
[E3] k=15 d=57 A=588 eps=0.691 supports(t=0,1,2)=[3, 2, 2]
      t=0 M=588 supp=3 elems(comb)=(1, 6, 13) gcds=[3, 2, 1, 12, 1, 2, 21, 4, 1, 6, 1, 4, 3, 14, 1]
      t=1 M=589 supp=2 elems(comb)=(1, 6) gcds=[1, 19, 1, 1, 1, 1, 31, 1, 1, 1, 1, 1, 1, 1, 1]
      t=2 M=590 supp=2 elems(comb)=(4, 5) gcds=[5, 2, 1, 2, 59, 10, 1, 2, 1, 2, 5, 2, 1, 2, 1]
[E3] k=15 d=58 A=588 eps=11.019 supports(t=0,1,2)=[3, 2, 2]
      t=0 M=588 supp=3 elems(comb)=(0, 5, 12) gcds=[2, 1, 12, 1, 2, 21, 4, 1, 6, 1, 4, 3, 14, 1, 12]
      t=1 M=589 supp=2 elems(comb)=(0, 5) gcds=[19, 1, 1, 1, 1, 31, 1, 1, 1, 1, 1, 1, 1, 1, 1]
      t=2 M=590 supp=2 elems(comb)=(3, 4) gcds=[2, 1, 2, 59, 10, 1, 2, 1, 2, 5, 2, 1, 2, 1, 10]
[E3] k=15 d=68 A=702 eps=0.298 supports(t=0,1,2)=[2, 2, 3]
      t=0 M=702 supp=2 elems(comb)=(4, 10) gcds=[2, 3, 2, 1, 18, 1, 2, 3, 2, 1, 78, 1, 2, 27, 2]
      t=1 M=703 supp=2 elems(comb)=(7, 9) gcds=[1, 1, 1, 1, 1, 1, 1, 37, 1, 19, 1, 1, 1, 1, 1]
      t=2 M=704 supp=3 elems(comb)=(0, 2, 6) gcds=[22, 1, 4, 1, 2, 1, 8, 1, 2, 1, 4, 11, 2, 1, 16]
[E3] k=15 d=69 A=702 eps=10.626 supports(t=0,1,2)=[2, 2, 3]
      t=0 M=702 supp=2 elems(comb)=(3, 9) gcds=[3, 2, 1, 18, 1, 2, 3, 2, 1, 78, 1, 2, 27, 2, 1]
      t=1 M=703 supp=2 elems(comb)=(6, 8) gcds=[1, 1, 1, 1, 1, 1, 37, 1, 19, 1, 1, 1, 1, 1, 1]
      t=2 M=704 supp=3 elems(comb)=(1, 10, 13) gcds=[1, 4, 1, 2, 1, 8, 1, 2, 1, 4, 11, 2, 1, 16, 1]
[E3] k=15 d=71 A=728 eps=5.282 supports(t=0,1,2)=[2, 2, 2]
      t=0 M=728 supp=2 elems(comb)=(7, 13) gcds=[1, 8, 1, 2, 1, 4, 7, 26, 1, 8, 1, 2, 1, 28, 1]
      t=1 M=729 supp=2 elems(comb)=(2, 11) gcds=[1, 1, 9, 1, 1, 3, 1, 1, 3, 1, 1, 81, 1, 1, 3]
      t=2 M=730 supp=2 elems(comb)=(1, 4) gcds=[1, 10, 1, 2, 73, 2, 5, 2, 1, 2, 1, 10, 1, 2, 1]
[E3] k=15 d=85 A=873 eps=4.873 supports(t=0,1,2)=[2, 2, 4]
      t=0 M=873 supp=2 elems(comb)=(5, 12) gcds=[1, 1, 3, 1, 1, 9, 1, 1, 3, 1, 1, 3, 97, 1, 9]
      t=1 M=874 supp=2 elems(comb)=(8, 11) gcds=[2, 1, 2, 1, 2, 1, 2, 1, 46, 1, 2, 19, 2, 1, 2]
      t=2 M=875 supp=4 elems(comb)=(1, 2, 7, 12) gcds=[1, 7, 5, 1, 1, 1, 1, 5, 7, 1, 1, 1, 5, 1, 1]
[E3] k=15 d=97 A=999 eps=2.808 supports(t=0,1,2)=[2, 2, 3]
      t=0 M=999 supp=2 elems(comb)=(2, 14) gcds=[1, 1, 9, 1, 1, 3, 1, 1, 3, 1, 1, 27, 1, 1, 111]
      t=1 M=1000 supp=2 elems(comb)=(4, 14) gcds=[8, 1, 2, 1, 100, 1, 2, 1, 8, 5, 2, 1, 4, 1, 10]
      t=2 M=1001 supp=3 elems(comb)=(3, 4, 9) gcds=[1, 1, 1, 7, 11, 1, 1, 1, 1, 13, 7, 1, 1, 1, 1]
[E3] k=15 d=98 A=999 eps=13.136 supports(t=0,1,2)=[2, 2, 3]
      t=0 M=999 supp=2 elems(comb)=(1, 13) gcds=[1, 9, 1, 1, 3, 1, 1, 3, 1, 1, 27, 1, 1, 111, 1]
      t=1 M=1000 supp=2 elems(comb)=(3, 13) gcds=[1, 2, 1, 100, 1, 2, 1, 8, 5, 2, 1, 4, 1, 10, 1]
      t=2 M=1001 supp=3 elems(comb)=(2, 3, 8) gcds=[1, 1, 7, 11, 1, 1, 1, 1, 13, 7, 1, 1, 1, 1, 11]
[E3] k=15 d=109 A=1120 eps=5.743 supports(t=0,1,2)=[2, 2, 3]
      t=0 M=1120 supp=2 elems(comb)=(1, 3) gcds=[1, 10, 1, 112, 1, 2, 5, 4, 1, 2, 7, 40, 1, 2, 1]
      t=1 M=1121 supp=2 elems(comb)=(6, 10) gcds=[1, 1, 1, 1, 1, 1, 19, 1, 1, 1, 59, 1, 1, 1, 1]
      t=2 M=1122 supp=3 elems(comb)=(1, 3, 12) gcds=[1, 6, 1, 22, 3, 2, 1, 6, 1, 2, 3, 2, 17, 6, 11]
[E3] k=15 d=116 A=1188 eps=10.038 supports(t=0,1,2)=[3, 2, 2]
      t=0 M=1188 supp=3 elems(comb)=(1, 4, 5) gcds=[4, 9, 2, 1, 12, 11, 2, 3, 4, 1, 18, 1, 4, 3, 2]
      t=1 M=1189 supp=2 elems(comb)=(1, 8) gcds=[1, 29, 1, 1, 1, 1, 1, 1, 41, 1, 1, 1, 1, 1, 1]
      t=2 M=1190 supp=2 elems(comb)=(5, 6) gcds=[2, 5, 2, 1, 2, 119, 10, 1, 2, 1, 2, 5, 14, 1, 2]
[E3] k=15 d=124 A=1273 eps=7.661 supports(t=0,1,2)=[2, 3, 3]
      t=0 M=1273 supp=2 elems(comb)=(9, 10) gcds=[1, 1, 1, 1, 1, 1, 1, 1, 1, 19, 67, 1, 1, 1, 1]
      t=1 M=1274 supp=3 elems(comb)=(3, 7, 10) gcds=[1, 2, 1, 14, 1, 2, 1, 26, 1, 2, 7, 2, 1, 2, 1]
      t=2 M=1275 supp=3 elems(comb)=(1, 3, 14) gcds=[1, 3, 1, 25, 3, 1, 1, 3, 5, 1, 3, 1, 1, 15, 17]
[E3] k=15 d=127 A=1309 eps=2.645 supports(t=0,1,2)=[3, 2, 2]
      t=0 M=1309 supp=3 elems(comb)=(5, 6, 9) gcds=[1, 1, 1, 1, 1, 11, 7, 1, 1, 17, 1, 1, 1, 7, 1]
      t=1 M=1310 supp=2 elems(comb)=(4, 5) gcds=[2, 1, 2, 1, 10, 131, 2, 1, 2, 5, 2, 1, 2, 1, 10]
      t=2 M=1311 supp=2 elems(comb)=(8, 13) gcds=[1, 3, 1, 1, 3, 1, 1, 3, 19, 1, 3, 1, 1, 69, 1]
[E3] k=15 d=128 A=1309 eps=12.973 supports(t=0,1,2)=[3, 2, 2]
      t=0 M=1309 supp=3 elems(comb)=(4, 5, 8) gcds=[1, 1, 1, 1, 11, 7, 1, 1, 17, 1, 1, 1, 7, 1, 1]
      t=1 M=1310 supp=2 elems(comb)=(3, 4) gcds=[1, 2, 1, 10, 131, 2, 1, 2, 5, 2, 1, 2, 1, 10, 1]
      t=2 M=1311 supp=2 elems(comb)=(7, 12) gcds=[3, 1, 1, 3, 1, 1, 3, 19, 1, 3, 1, 1, 69, 1, 1]
[E3] k=15 d=142 A=1456 eps=10.564 supports(t=0,1,2)=[3, 2, 4]
      t=0 M=1456 supp=3 elems(comb)=(0, 12, 14) gcds=[2, 13, 16, 1, 2, 7, 4, 1, 2, 1, 8, 1, 14, 1, 52]
      t=1 M=1457 supp=2 elems(comb)=(0, 14) gcds=[47, 1, 1, 1, 1, 1, 1, 1, 1, 1, 1, 1, 1, 1, 31]
      t=2 M=1458 supp=4 elems(comb)=(1, 4, 7, 13) gcds=[2, 3, 2, 1, 18, 1, 2, 3, 2, 1, 6, 1, 2, 9, 2]
[E3] k=15 d=147 A=1518 eps=0.203 supports(t=0,1,2)=[3, 2, 2]
      t=0 M=1518 supp=3 elems(comb)=(0, 7, 14) gcds=[3, 2, 1, 6, 1, 2, 3, 22, 1, 6, 1, 2, 3, 2, 23]
      t=1 M=1519 supp=2 elems(comb)=(1, 9) gcds=[1, 49, 1, 1, 1, 1, 1, 1, 7, 31, 1, 1, 1, 1, 1]
      t=2 M=1520 supp=2 elems(comb)=(5, 7) gcds=[5, 2, 1, 4, 1, 10, 1, 152, 1, 2, 5, 4, 1, 2, 1]
[E3] k=15 d=148 A=1518 eps=10.531 supports(t=0,1,2)=[3, 2, 2]
      t=0 M=1518 supp=3 elems(comb)=(2, 6, 13) gcds=[2, 1, 6, 1, 2, 3, 22, 1, 6, 1, 2, 3, 2, 23, 6]
      t=1 M=1519 supp=2 elems(comb)=(0, 8) gcds=[49, 1, 1, 1, 1, 1, 1, 7, 31, 1, 1, 1, 1, 1, 7]
      t=2 M=1520 supp=2 elems(comb)=(4, 6) gcds=[2, 1, 4, 1, 10, 1, 152, 1, 2, 5, 4, 1, 2, 1, 80]
[E3] k=15 d=168 A=1728 eps=7.089 supports(t=0,1,2)=[3, 3, 2]
      t=0 M=1728 supp=3 elems(comb)=(0, 2, 12) gcds=[24, 1, 2, 9, 4, 1, 6, 1, 16, 3, 2, 1, 36, 1, 2]
      t=1 M=1729 supp=3 elems(comb)=(1, 2, 4) gcds=[1, 7, 13, 1, 19, 1, 1, 1, 7, 1, 1, 1, 1, 1, 1]
      t=2 M=1730 supp=2 elems(comb)=(4, 7) gcds=[2, 1, 2, 1, 10, 1, 2, 173, 2, 5, 2, 1, 2, 1, 10]
[E3] k=15 d=172 A=1769 eps=7.401 supports(t=0,1,2)=[2, 2, 3]
      t=0 M=1769 supp=2 elems(comb)=(2, 11) gcds=[1, 1, 29, 1, 1, 1, 1, 1, 1, 1, 1, 61, 1, 1, 1]
      t=1 M=1770 supp=2 elems(comb)=(6, 9) gcds=[3, 2, 1, 6, 5, 2, 177, 2, 1, 30, 1, 2, 3, 2, 5]
      t=2 M=1771 supp=3 elems(comb)=(5, 6, 14) gcds=[1, 1, 1, 1, 1, 7, 11, 1, 1, 1, 1, 1, 7, 1, 23]
[E3] k=15 d=194 A=2000 eps=3.615 supports(t=0,1,2)=[3, 2, 3]
      t=0 M=2000 supp=3 elems(comb)=(0, 1, 6) gcds=[2, 5, 4, 1, 2, 1, 200, 1, 2, 1, 4, 5, 2, 1, 16]
      t=1 M=2001 supp=2 elems(comb)=(10, 14) gcds=[1, 1, 3, 1, 1, 3, 1, 1, 3, 1, 29, 3, 1, 1, 69]
      t=2 M=2002 supp=3 elems(comb)=(3, 4, 6) gcds=[2, 1, 2, 13, 14, 1, 22, 1, 2, 1, 2, 7, 2, 1, 2]
[E3] k=15 d=195 A=2000 eps=13.943 supports(t=0,1,2)=[3, 2, 3]
      t=0 M=2000 supp=3 elems(comb)=(0, 1, 5) gcds=[5, 4, 1, 2, 1, 200, 1, 2, 1, 4, 5, 2, 1, 16, 1]
      t=1 M=2001 supp=2 elems(comb)=(9, 13) gcds=[1, 3, 1, 1, 3, 1, 1, 3, 1, 29, 3, 1, 1, 69, 1]
      t=2 M=2002 supp=3 elems(comb)=(2, 3, 5) gcds=[1, 2, 13, 14, 1, 22, 1, 2, 1, 2, 7, 2, 1, 2, 1]
[E3] k=15 d=205 A=2106 eps=11.222 supports(t=0,1,2)=[3, 3, 2]
      t=0 M=2106 supp=3 elems(comb)=(2, 3, 11) gcds=[1, 2, 9, 26, 1, 6, 1, 2, 3, 2, 1, 54, 1, 2, 3]
      t=1 M=2107 supp=3 elems(comb)=(6, 11, 13) gcds=[1, 1, 1, 1, 1, 1, 7, 1, 1, 1, 1, 43, 1, 7, 1]
      t=2 M=2108 supp=2 elems(comb)=(1, 14) gcds=[1, 68, 1, 2, 1, 4, 1, 2, 1, 4, 1, 2, 1, 4, 31]
[E3] k=15 d=219 A=2261 eps=0.813 supports(t=0,1,2)=[3, 3, 2]
      t=0 M=2261 supp=3 elems(comb)=(2, 5, 9) gcds=[1, 1, 17, 1, 1, 7, 1, 1, 1, 19, 1, 1, 7, 1, 1]
      t=1 M=2262 supp=3 elems(comb)=(1, 3, 14) gcds=[2, 3, 2, 13, 6, 1, 2, 3, 2, 1, 6, 1, 2, 3, 58]
      t=2 M=2263 supp=2 elems(comb)=(0, 2) gcds=[31, 1, 73, 1, 1, 1, 1, 1, 1, 1, 1, 1, 1, 1, 1]
[E3] k=15 d=220 A=2260 eps=12.141 supports(t=0,1,2)=[2, 3, 3]
      t=0 M=2260 supp=2 elems(comb)=(0, 6) gcds=[20, 1, 2, 1, 4, 5, 226, 1, 4, 1, 10, 1, 4, 1, 2]
      t=1 M=2261 supp=3 elems(comb)=(2, 5, 9) gcds=[1, 1, 17, 1, 1, 7, 1, 1, 1, 19, 1, 1, 7, 1, 1]
      t=2 M=2262 supp=3 elems(comb)=(1, 3, 14) gcds=[2, 3, 2, 13, 6, 1, 2, 3, 2, 1, 6, 1, 2, 3, 58]
[E3] k=15 d=235 A=2418 eps=9.060 supports(t=0,1,2)=[3, 2, 2]
      t=0 M=2418 supp=3 elems(comb)=(2, 12, 13) gcds=[1, 2, 3, 2, 1, 6, 1, 2, 3, 2, 1, 6, 13, 62, 3]
      t=1 M=2419 supp=2 elems(comb)=(2, 12) gcds=[1, 1, 59, 1, 1, 1, 1, 1, 1, 1, 1, 1, 41, 1, 1]
      t=2 M=2420 supp=2 elems(comb)=(7, 9) gcds=[1, 2, 5, 4, 1, 2, 1, 20, 1, 242, 1, 4, 5, 2, 1]
[E3] k=15 d=236 A=2430 eps=7.388 supports(t=0,1,2)=[2, 3, 3]
      t=0 M=2430 supp=2 elems(comb)=(4, 7) gcds=[2, 3, 2, 1, 30, 1, 2, 243, 2, 5, 6, 1, 2, 3, 10]
      t=1 M=2431 supp=3 elems(comb)=(3, 7, 12) gcds=[1, 1, 1, 17, 1, 1, 1, 11, 1, 1, 1, 1, 13, 1, 1]
      t=2 M=2432 supp=3 elems(comb)=(6, 13, 14) gcds=[2, 1, 4, 1, 2, 1, 16, 1, 2, 1, 4, 1, 2, 19, 8]
[E3] k=15 d=238 A=2448 eps=10.043 supports(t=0,1,2)=[3, 2, 2]
      t=0 M=2448 supp=3 elems(comb)=(0, 2, 5) gcds=[34, 1, 48, 1, 2, 9, 4, 1, 6, 1, 8, 3, 2, 1, 36]
      t=1 M=2449 supp=2 elems(comb)=(0, 11) gcds=[79, 1, 1, 1, 1, 1, 1, 1, 1, 1, 1, 31, 1, 1, 1]
      t=2 M=2450 supp=2 elems(comb)=(4, 9) gcds=[2, 1, 14, 1, 10, 1, 2, 1, 2, 245, 2, 1, 2, 1, 50]
[E3] k=15 d=242 A=2499 eps=0.355 supports(t=0,1,2)=[2, 3, 2]
      t=0 M=2499 supp=2 elems(comb)=(3, 13) gcds=[1, 3, 1, 49, 3, 1, 1, 3, 1, 1, 21, 1, 1, 51, 1]
      t=1 M=2500 supp=3 elems(comb)=(1, 4, 9) gcds=[1, 2, 1, 4, 5, 2, 1, 4, 1, 250, 1, 4, 1, 2, 5]
      t=2 M=2501 supp=2 elems(comb)=(4, 6) gcds=[1, 1, 1, 1, 61, 1, 41, 1, 1, 1, 1, 1, 1, 1, 1]
[E3] k=15 d=243 A=2499 eps=10.683 supports(t=0,1,2)=[2, 3, 2]
      t=0 M=2499 supp=2 elems(comb)=(2, 12) gcds=[3, 1, 49, 3, 1, 1, 3, 1, 1, 21, 1, 1, 51, 1, 1]
      t=1 M=2500 supp=3 elems(comb)=(0, 3, 8) gcds=[2, 1, 4, 5, 2, 1, 4, 1, 250, 1, 4, 1, 2, 5, 4]
      t=2 M=2501 supp=2 elems(comb)=(3, 5) gcds=[1, 1, 1, 61, 1, 41, 1, 1, 1, 1, 1, 1, 1, 1, 1]
[E3] k=15 d=282 A=2910 eps=2.472 supports(t=0,1,2)=[2, 2, 3]
      t=0 M=2910 supp=2 elems(comb)=(8, 9) gcds=[6, 1, 2, 15, 2, 1, 6, 1, 10, 291, 2, 1, 6, 5, 2]
      t=1 M=2911 supp=2 elems(comb)=(3, 6) gcds=[1, 1, 1, 71, 1, 1, 41, 1, 1, 1, 1, 1, 1, 1, 1]
      t=2 M=2912 supp=3 elems(comb)=(0, 2, 6) gcds=[56, 1, 2, 1, 4, 1, 26, 7, 32, 1, 2, 1, 4, 1, 14]
[E3] k=15 d=283 A=2910 eps=12.799 supports(t=0,1,2)=[2, 2, 3]
      t=0 M=2910 supp=2 elems(comb)=(7, 8) gcds=[1, 2, 15, 2, 1, 6, 1, 10, 291, 2, 1, 6, 5, 2, 3]
      t=1 M=2911 supp=2 elems(comb)=(2, 5) gcds=[1, 1, 71, 1, 1, 41, 1, 1, 1, 1, 1, 1, 1, 1, 1]
      t=2 M=2912 supp=3 elems(comb)=(5, 6, 7) gcds=[1, 2, 1, 4, 1, 26, 7, 32, 1, 2, 1, 4, 1, 14, 1]
[E3] k=15 d=493 A=5082 eps=9.661 supports(t=0,1,2)=[3, 3, 2]
      t=0 M=5082 supp=3 elems(comb)=(2, 4, 13) gcds=[1, 2, 33, 2, 7, 6, 1, 2, 3, 2, 1, 42, 1, 22, 3]
      t=1 M=5083 supp=3 elems(comb)=(1, 2, 14) gcds=[1, 17, 13, 1, 1, 1, 1, 1, 1, 1, 1, 1, 1, 1, 23]
      t=2 M=5084 supp=2 elems(comb)=(1, 5) gcds=[1, 164, 1, 2, 1, 124, 1, 2, 1, 4, 1, 2, 1, 4, 1]
[E3] k=15 d=771 A=7954 eps=8.821 supports(t=0,1,2)=[2, 3, 3]
      t=0 M=7954 supp=2 elems(comb)=(5, 8) gcds=[1, 2, 1, 2, 1, 194, 1, 2, 41, 2, 1, 2, 1, 2, 1]
      t=1 M=7955 supp=3 elems(comb)=(0, 4, 7) gcds=[5, 1, 1, 1, 43, 5, 1, 37, 1, 1, 5, 1, 1, 1, 1]
      t=2 M=7956 supp=3 elems(comb)=(2, 11, 13) gcds=[1, 2, 3, 4, 1, 18, 1, 4, 3, 2, 1, 156, 1, 34, 9]
[E3] k=15 d=1108 A=11438 eps=5.328 supports(t=0,1,2)=[3, 2, 3]
      t=0 M=11438 supp=3 elems(comb)=(5, 10, 13) gcds=[2, 1, 2, 1, 2, 7, 2, 1, 2, 1, 86, 1, 14, 19, 2]
      t=1 M=11439 supp=2 elems(comb)=(0, 9) gcds=[369, 1, 1, 3, 1, 1, 3, 1, 1, 279, 1, 1, 3, 1, 1]
      t=2 M=11440 supp=3 elems(comb)=(5, 12, 14) gcds=[2, 1, 4, 1, 10, 11, 8, 1, 2, 5, 4, 1, 26, 1, 80]
[E3] k=15 d=1766 A=18239 eps=0.095 supports(t=0,1,2)=[3, 4, 3]
      t=0 M=18239 supp=3 elems(comb)=(2, 3, 5) gcds=[1, 1, 13, 61, 1, 23, 1, 1, 1, 1, 1, 1, 1, 1, 1]
      t=1 M=18240 supp=4 elems(comb)=(0, 2, 3, 11) gcds=[5, 2, 57, 8, 1, 30, 1, 4, 3, 2, 5, 48, 1, 2, 3]
      t=2 M=18241 supp=3 elems(comb)=(4, 5, 12) gcds=[1, 1, 1, 1, 17, 29, 1, 1, 1, 1, 1, 1, 37, 1, 1]
[E3] k=15 d=1767 A=18239 eps=10.423 supports(t=0,1,2)=[3, 3, 3]
      t=0 M=18239 supp=3 elems(comb)=(1, 2, 4) gcds=[1, 13, 61, 1, 23, 1, 1, 1, 1, 1, 1, 1, 1, 1, 13]
      t=1 M=18240 supp=3 elems(comb)=(1, 10, 14) gcds=[2, 57, 8, 1, 30, 1, 4, 3, 2, 5, 48, 1, 2, 3, 20]
      t=2 M=18241 supp=3 elems(comb)=(3, 4, 11) gcds=[1, 1, 1, 17, 29, 1, 1, 1, 1, 1, 1, 37, 1, 1, 1]
[E3] k=15 d=2915 A=30099 eps=6.867 supports(t=0,1,2)=[3, 3, 2]
      t=0 M=30099 supp=3 elems(comb)=(1, 6, 8) gcds=[1, 3, 1, 1, 3, 1, 127, 3, 79, 1, 3, 1, 1, 3, 1]
      t=1 M=30100 supp=3 elems(comb)=(5, 10, 11) gcds=[2, 5, 4, 1, 2, 7, 20, 1, 2, 1, 172, 25, 14, 1, 4]
      t=2 M=30101 supp=2 elems(comb)=(0, 1) gcds=[971, 31, 1, 1, 1, 1, 1, 1, 1, 1, 1, 1, 1, 1, 1]

[E4] k=5: kappa2=3.145e-02 at (J,Delta,tau)=(5,15,2), encl-err<=8.3e-49, B2(k)~1.244e+04
[E4] k=7: kappa2=1.805e-02 at (J,Delta,tau)=(-1,-5,2), encl-err<=1.6e-48, B2(k)~6.198e+04
[E4] k=9: kappa2=4.959e-03 at (J,Delta,tau)=(0,-1,6), encl-err<=2.5e-48, B2(k)~4.905e+05
[E4] k=11: kappa2=2.758e-03 at (J,Delta,tau)=(6,44,5), encl-err<=3.7e-48, B2(k)~1.633e+06
[E4] k=13: kappa2=9.472e-03 at (J,Delta,tau)=(-1,-9,1), encl-err<=5.1e-48, B2(k)~7.927e+05
[E4] k=15: kappa2=5.044e-02 at (J,Delta,tau)=(-5,-53,14), encl-err<=6.8e-48, B2(k)~2.304e+05

[E5] k=5 T=100: kappa1=5.717e-05 at g=77, B1(k,T)~5.361e+05
[E5] k=5 T=1000: kappa1=2.117e-08 at g=909, B1(k,T)~1.448e+09
[E5] k=7 T=100: kappa1=1.124e-04 at g=53, B1(k,T)~4.713e+05
[E5] k=7 T=1000: kappa1=5.564e-07 at g=675, B1(k,T)~9.518e+07
[E5] k=9 T=100: kappa1=4.959e-03 at g=1, B1(k,T)~1.634e+04
[E5] k=9 T=1000: kappa1=7.742e-09 at g=605, B1(k,T)~1.047e+10
[E5] k=11 T=100: kappa1=3.300e-04 at g=92, B1(k,T)~3.482e+05
[E5] k=11 T=1000: kappa1=6.173e-07 at g=759, B1(k,T)~1.861e+08
[E5] k=13 T=100: kappa1=3.895e-05 at g=44, B1(k,T)~3.967e+06
[E5] k=13 T=1000: kappa1=1.696e-07 at g=581, B1(k,T)~9.113e+08
[E5] k=15 T=100: kappa1=4.449e-05 at g=61, B1(k,T)~4.493e+06
[E5] k=15 T=1000: kappa1=6.672e-08 at g=369, B1(k,T)~2.996e+09

[E6] k=7 q=4 datum: A=1375, window_ok=True
      raw row t=0: (A+t)|G_t = False
      raw row t=1: (A+t)|G_t = True
      raw row t=2: (A+t)|G_t = True
      affine saturation t=0: M | q^k*affine = True (affine=1682118900000000)
      affine saturation t=1: M | q^k*affine = True (affine=1262338751830464)
      affine saturation t=2: M | q^k*affine = True (affine=935696472302592)

[E7] k=5 d=22 A=65: J=3 Delta=8 |J-Delta/c-1/c^2|=0.3419 bound=1.9575 OK=True
[E7] k=7 d=21 A=91: J=1 Delta=4 |J-Delta/c-1/c^2|=0.0760 bound=2.7564 OK=True
[E7] k=7 d=22 A=99: J=0 Delta=0 |J-Delta/c-1/c^2|=0.0480 bound=2.6217 OK=True
[E7] k=7 d=26 A=116: J=1 Delta=4 |J-Delta/c-1/c^2|=0.0760 bound=2.1931 OK=True
[E7] k=7 d=30 A=135: J=0 Delta=0 |J-Delta/c-1/c^2|=0.0480 bound=1.8849 OK=True
[E7] k=7 d=34 A=152: J=1 Delta=4 |J-Delta/c-1/c^2|=0.0760 bound=1.6527 OK=True
[E7] k=7 d=42 A=188: J=1 Delta=4 |J-Delta/c-1/c^2|=0.0760 bound=1.3260 OK=True
[E7] k=7 d=49 A=220: J=1 Delta=4 |J-Delta/c-1/c^2|=0.0760 bound=1.1304 OK=True
[E7] k=9 d=27 A=155: J=1 Delta=5 |J-Delta/c-1/c^2|=0.1396 bound=2.6447 OK=True
[E7] k=9 d=29 A=174: J=-1 Delta=-6 |J-Delta/c-1/c^2|=0.0286 bound=2.4524 OK=True
[E7] k=9 d=30 A=175: J=0 Delta=0 |J-Delta/c-1/c^2|=0.0277 bound=2.3664 OK=True
[E7] k=9 d=31 A=186: J=0 Delta=0 |J-Delta/c-1/c^2|=0.0277 bound=2.2862 OK=True
[E7] k=9 d=31 A=185: J=2 Delta=11 |J-Delta/c-1/c^2|=0.1404 bound=2.2862 OK=True
[E7] k=9 d=32 A=185: J=1 Delta=5 |J-Delta/c-1/c^2|=0.1396 bound=2.2112 OK=True
[E7] k=9 d=34 A=204: J=-1 Delta=-6 |J-Delta/c-1/c^2|=0.0286 bound=2.0751 OK=True
[E7] k=11 d=33 A=245: J=0 Delta=0 |J-Delta/c-1/c^2|=0.0180 bound=2.5778 OK=True
[E7] k=11 d=34 A=246: J=0 Delta=0 |J-Delta/c-1/c^2|=0.0180 bound=2.4985 OK=True
[E7] k=11 d=34 A=245: J=0 Delta=0 |J-Delta/c-1/c^2|=0.0180 bound=2.4985 OK=True
[E7] k=11 d=35 A=259: J=-1 Delta=-7 |J-Delta/c-1/c^2|=0.0779 bound=2.4240 OK=True
[E7] k=11 d=35 A=258: J=1 Delta=7 |J-Delta/c-1/c^2|=0.0418 bound=2.4240 OK=True
[E7] k=11 d=36 A=259: J=0 Delta=0 |J-Delta/c-1/c^2|=0.0180 bound=2.3538 OK=True
[E7] k=11 d=39 A=287: J=-1 Delta=-7 |J-Delta/c-1/c^2|=0.0779 bound=2.1656 OK=True
[E7] k=13 d=39 A=344: J=-1 Delta=-8 |J-Delta/c-1/c^2|=0.1124 bound=2.5332 OK=True
[E7] k=13 d=39 A=343: J=1 Delta=8 |J-Delta/c-1/c^2|=0.0871 bound=2.5332 OK=True
[E7] k=13 d=40 A=350: J=1 Delta=8 |J-Delta/c-1/c^2|=0.0871 bound=2.4675 OK=True
[E7] k=13 d=40 A=344: J=-1 Delta=-8 |J-Delta/c-1/c^2|=0.1124 bound=2.4675 OK=True
[E7] k=13 d=42 A=368: J=1 Delta=8 |J-Delta/c-1/c^2|=0.0871 bound=2.3457 OK=True
[E7] k=13 d=43 A=375: J=0 Delta=0 |J-Delta/c-1/c^2|=0.0127 bound=2.2893 OK=True
[E7] k=13 d=43 A=374: J=0 Delta=0 |J-Delta/c-1/c^2|=0.0127 bound=2.2893 OK=True
[E7] k=15 d=45 A=459: J=0 Delta=0 |J-Delta/c-1/c^2|=0.0094 bound=2.5014 OK=True
[E7] k=15 d=46 A=475: J=0 Delta=0 |J-Delta/c-1/c^2|=0.0094 bound=2.4452 OK=True
[E7] k=15 d=47 A=476: J=0 Delta=0 |J-Delta/c-1/c^2|=0.0094 bound=2.3915 OK=True
[E7] k=15 d=47 A=475: J=0 Delta=0 |J-Delta/c-1/c^2|=0.0094 bound=2.3915 OK=True
[E7] k=15 d=48 A=494: J=0 Delta=0 |J-Delta/c-1/c^2|=0.0094 bound=2.3401 OK=True
[E7] k=15 d=48 A=493: J=0 Delta=0 |J-Delta/c-1/c^2|=0.0094 bound=2.3401 OK=True
[E7] k=15 d=49 A=495: J=0 Delta=-1 |J-Delta/c-1/c^2|=0.0874 bound=2.2909 OK=True
