========================================================================
TASK 1: centered identity and explicit P9
========================================================================
[PASS] identity: prod_{i=1..9}(x+i) = P9(x+5),  P9(T) = T(T^2-1)(T^2-4)(T^2-9)(T^2-16)
[PASS] expansion: P9(T) = T^9 - 30T^7 + 273T^5 - 820T^3 + 576T  (odd, integer coeffs)
[PASS] u-split: P9(T) = T^9 - u(T),  u(T) = 30T^7 - 273T^5 + 820T^3 - 576T
[PASS] transform: P9(X) - 4P9(Y) = (X^9 - 4Y^9) - (u(X) - 4u(Y))  identically
[PASS] leading-cancel: X^9 - 4Y^9 = u(X) - 4u(Y) has degree k-2 = 7: |X^9-4Y^9| <= C*Y^7 scale
[PASS] P9-monotone: P9'(4+z) has all coeffs >= 0, const = 40320 > 0: P9 strictly increasing on [4,oo)
[PASS] u-monotone: u'(3+z) has all coeffs >= 0, const = 64089 > 0: u strictly increasing on [3,oo)

========================================================================
TASK 2: exact Thue inequality  |4^(1/9) - X/Y| <= C_9 / Y^2
========================================================================
        q = 4^(1/9) in (145816129947/125000000000 , 1166529039577/1000000000000)   [exact 9th-power bracket]
[PASS] r_lo<q: (29/25)^9 = 14507145975869/3814697265625 < 4
[PASS] q<r_hi: (59/50)^9 = 4.4355... > 4
[PASS] A1: 4 P9(Y) - P9(29Y/25) > 0 for Y >= 60   [shift-nonneg-coeffs]
[PASS] A2: P9(59Y/50) - 4 P9(Y) > 0 for Y >= 60   [shift-nonneg-coeffs]
[PASS] B1: 4u(Y) - u(59Y/50) > 0 for Y >= 60: X^9 < 4Y^9, i.e. X/Y < q (one-sided approximation!)   [shift-nonneg-coeffs]
[PASS] B2: 4u(Y) - u(29Y/25) <= c7a*Y^7 for Y >= 2, c7a = 120-30(29/25)^7 = 42985117146/1220703125 ~ 35.213408   [shift-nonneg-coeffs]
[PASS] factor-id: a^9 - b^9 = (a-b) * sum_{i=0..8} a^i b^(8-i)
        round 1:  0 < q - X/Y <= C_a/Y^2 for Y >= 60,  C_a = 1791046547750/1500739238883 ~ 1.193443
[PASS] C_a<6/5: C_a ~ 1.193443 < 6/5 (robust constant)
[PASS] Y0b: d >= 221 & n+1 >= 6d  =>  Y = n+5 >= 1330
[PASS] rho2-cert: (rho2 + C_a/1330^2)^9 < 4 exactly, rho2 = 11665283/10000000 = 1.1665283: round-1 chain gives X/Y > q - C_a/Y^2 >= rho2 for Y >= 1330
[PASS] rho2<q: rho2^9 < 4  (rho2 < q)
[PASS] B2': 4u(Y) - u(rho2*Y) <= c7b*Y^7 for Y >= 1330,  c7b ~ 31.816321823   [shift-nonneg-coeffs]
        round 2:  0 < q - X/Y <= C_b/Y^2 for Y >= 1330
        C_b exact = 995535003783116941037651543036514369195704840308053168599900000000/965631239433694934260778407689252758184402619600102578277063581849
        C_b       ~ 1.030968100
[PASS] C9: C_b <= C_9 := 1031/1000 = 1.031  (headline exact rational)
[PASS] C9-alt: C_b <= 129/125 = 1.032 (round spare)
        asymptotic optimum kappa_9 = (10/3)(q - 1/q) = 1.030950189076812500035525264148773452207
        minpoly(kappa_9) = 6561*x**9 + 656100*x**7 + 21870000*x**5 + 270000000*x**3 + 900000000*x - 1250000000
[PASS] kappa<C9: 1.03 < kappa_9 ~ 1.0309502 <= C_b ~ 1.0309681 <= 1.031: C_9 is within 1e-4 of optimal, and C_9 > 1 -- PAST the Fatou threshold
[PASS] confinement-class: C_9 > 1: neither Legendre (<1/2) nor Fatou (<1) applies; need Worley/Dujella quasi-convergents with rs < 2*C_9 = 2.062, i.e. rs <= 2

numeric cross-validation (mpmath, never decides anything) ...
[PASS] grid-X*: real root X*(Y): 0 < (q - X*/Y)*Y^2 <= 1.030953 <= 1.031 on grid; -> kappa_9 as Y -> oo
[PASS] grid-exact: A1,A2,B1,B2,B2' exact-positive on integer grid (48 points, Y up to 10^30)
[PASS] grid-u: 0 < 4u(Y)-u(X) <= c7b*Y^7 at 50 exact bracket points (rational + integer)

constants written to /Users/williamblair/personal/lean-proofs/compute/theory/oddk_9/constants.json
ALL 26 CHECKS PASSED
